2026-05-13 13-32-26 | DWH |  INFO | DWH|RESET_DWH_START|Data/dwhdb.db.db|||||START
2026-05-13 13-32-26 | DWH |  INFO | DWH|READ|Data/dwhdb.db|DIM_age_group|||SUCCESS
2026-05-13 13-32-26 | DWH |  INFO | DWH|READ|Data/dwhdb.db|DIM_customer_segment|||SUCCESS
2026-05-13 13-32-26 | DWH |  INFO | DWH|READ|Data/dwhdb.db|DIM_country|||SUCCESS
2026-05-13 13-32-26 | DWH |  INFO | DWH|READ|Data/dwhdb.db|DIM_customer_headquarters|||SUCCESS
2026-05-13 13-32-26 | DWH |  INFO | DWH|READ|Data/dwhdb.db|DIM_customer|||SUCCESS
2026-05-13 13-32-26 | DWH |  INFO | DWH|READ|Data/dwhdb.db|FACT_sales_demographic|||SUCCESS
2026-05-13 13-32-26 | DWH |  INFO | DWH|READ|Data/dwhdb.db|DIM_product|||SUCCESS
2026-05-13 13-32-26 | DWH |  INFO | DWH|READ|Data/dwhdb.db|DIM_retailer_site|||SUCCESS
2026-05-13 13-32-26 | DWH |  INFO | DWH|READ|Data/dwhdb.db|DIM_sales_branch|||SUCCESS
2026-05-13 13-32-26 | DWH |  INFO | DWH|READ|Data/dwhdb.db|DIM_sales_staff|||SUCCESS
2026-05-13 13-32-26 | DWH |  INFO | DWH|READ|Data/dwhdb.db|FACT_order_header|||SUCCESS
2026-05-13 13-32-26 | DWH |  INFO | DWH|READ|Data/dwhdb.db|FACT_order_details|||SUCCESS
2026-05-13 13-32-26 | DWH |  INFO | DWH|READ|Data/dwhdb.db|DIM_returned_item|||SUCCESS
2026-05-13 13-32-26 | DWH |  INFO | DWH|READ|Data/dwhdb.db|DIM_inventory_level|||SUCCESS
2026-05-13 13-32-26 | DWH |  INFO | DWH|READ|Data/dwhdb.db|DIM_product_forecast|||SUCCESS
2026-05-13 13-32-26 | DWH |  INFO | DWH|READ|Data/dwhdb.db|FACT_sales_target|||SUCCESS
2026-05-13 13-32-26 | DWH |  INFO | DWH|READ|Data/dwhdb.db|DIM_Month|||SUCCESS
2026-05-13 13-32-26 | DWH |  INFO | DWH|READ|Data/dwhdb.db|DIM_Date|||SUCCESS
2026-05-13 13-32-26 | DWH |  INFO | DWH|LOAD_DWH_END|Data/dwhdb.db|||||END
2026-05-13 13-32-26 | DWH |  INFO | DWH|RESET_DWH_END|%s|||||END
2026-05-15 23-19-45 | DWH |  INFO | DWH|RESET_DWH_START|Data/dwhdb.db.db|||||START
2026-05-15 23-19-45 | DWH |  INFO | DWH|READ|Data/dwhdb.db|DIM_age_group|||SUCCESS
2026-05-15 23-19-45 | DWH |  INFO | DWH|READ|Data/dwhdb.db|DIM_customer_segment|||SUCCESS
2026-05-15 23-19-45 | DWH |  INFO | DWH|READ|Data/dwhdb.db|DIM_country|||SUCCESS
2026-05-15 23-19-45 | DWH |  INFO | DWH|READ|Data/dwhdb.db|DIM_customer_headquarters|||SUCCESS
2026-05-15 23-19-45 | DWH |  INFO | DWH|READ|Data/dwhdb.db|DIM_customer|||SUCCESS
2026-05-15 23-19-46 | DWH |  INFO | DWH|READ|Data/dwhdb.db|FACT_sales_demographic|||SUCCESS
2026-05-15 23-19-46 | DWH |  INFO | DWH|READ|Data/dwhdb.db|DIM_product|||SUCCESS
2026-05-15 23-19-46 | DWH |  INFO | DWH|READ|Data/dwhdb.db|DIM_retailer_site|||SUCCESS
2026-05-15 23-19-46 | DWH |  INFO | DWH|READ|Data/dwhdb.db|DIM_sales_branch|||SUCCESS
2026-05-15 23-19-46 | DWH |  INFO | DWH|READ|Data/dwhdb.db|DIM_sales_staff|||SUCCESS
2026-05-15 23-19-46 | DWH |  INFO | DWH|READ|Data/dwhdb.db|FACT_order_header|||SUCCESS
2026-05-15 23-19-46 | DWH |  INFO | DWH|READ|Data/dwhdb.db|FACT_order_details|||SUCCESS
2026-05-15 23-19-46 | DWH |  INFO | DWH|READ|Data/dwhdb.db|DIM_returned_item|||SUCCESS
2026-05-15 23-19-46 | DWH |  INFO | DWH|READ|Data/dwhdb.db|DIM_inventory_level|||SUCCESS
2026-05-15 23-19-46 | DWH |  INFO | DWH|READ|Data/dwhdb.db|DIM_product_forecast|||SUCCESS
2026-05-15 23-19-46 | DWH |  INFO | DWH|READ|Data/dwhdb.db|FACT_sales_target|||SUCCESS
2026-05-15 23-19-46 | DWH |  INFO | DWH|READ|Data/dwhdb.db|DIM_Month|||SUCCESS
2026-05-15 23-19-46 | DWH |  INFO | DWH|READ|Data/dwhdb.db|DIM_Date|||SUCCESS
2026-05-15 23-19-46 | DWH |  INFO | DWH|LOAD_DWH_END|Data/dwhdb.db|||||END
2026-05-15 23-19-46 | DWH |  INFO | DWH|RESET_DWH_END|%s|||||END
2026-05-16 00-07-57 | DWH |  INFO | DWH|RESET_DWH_START|Data/dwhdb.db.db|||||START
2026-05-16 00-07-57 | DWH |  INFO | DWH|READ|Data/dwhdb.db|DIM_age_group|||SUCCESS
2026-05-16 00-07-57 | DWH |  INFO | DWH|READ|Data/dwhdb.db|DIM_customer_segment|||SUCCESS
2026-05-16 00-07-57 | DWH |  INFO | DWH|READ|Data/dwhdb.db|DIM_country|||SUCCESS
2026-05-16 00-07-57 | DWH |  INFO | DWH|READ|Data/dwhdb.db|DIM_customer_headquarters|||SUCCESS
2026-05-16 00-07-57 | DWH |  INFO | DWH|READ|Data/dwhdb.db|DIM_customer|||SUCCESS
2026-05-16 00-07-57 | DWH |  INFO | DWH|READ|Data/dwhdb.db|FACT_sales_demographic|||SUCCESS
2026-05-16 00-07-57 | DWH |  INFO | DWH|READ|Data/dwhdb.db|DIM_product|||SUCCESS
2026-05-16 00-07-57 | DWH |  INFO | DWH|READ|Data/dwhdb.db|DIM_retailer_site|||SUCCESS
2026-05-16 00-07-57 | DWH |  INFO | DWH|READ|Data/dwhdb.db|DIM_sales_branch|||SUCCESS
2026-05-16 00-07-57 | DWH |  INFO | DWH|READ|Data/dwhdb.db|DIM_sales_staff|||SUCCESS
2026-05-16 00-07-57 | DWH |  INFO | DWH|READ|Data/dwhdb.db|FACT_order_header|||SUCCESS
2026-05-16 00-07-57 | DWH |  INFO | DWH|READ|Data/dwhdb.db|FACT_order_details|||SUCCESS
2026-05-16 00-07-57 | DWH |  INFO | DWH|READ|Data/dwhdb.db|DIM_returned_item|||SUCCESS
2026-05-16 00-07-57 | DWH |  INFO | DWH|READ|Data/dwhdb.db|DIM_inventory_level|||SUCCESS
2026-05-16 00-07-57 | DWH |  INFO | DWH|READ|Data/dwhdb.db|DIM_product_forecast|||SUCCESS
2026-05-16 00-07-57 | DWH |  INFO | DWH|READ|Data/dwhdb.db|FACT_sales_target|||SUCCESS
2026-05-16 00-07-57 | DWH |  INFO | DWH|READ|Data/dwhdb.db|DIM_Month|||SUCCESS
2026-05-16 00-07-57 | DWH |  INFO | DWH|READ|Data/dwhdb.db|DIM_Date|||SUCCESS
2026-05-16 00-07-57 | DWH |  INFO | DWH|LOAD_DWH_END|Data/dwhdb.db|||||END
2026-05-16 00-07-57 | DWH |  INFO | DWH|RESET_DWH_END|%s|||||END
2026-05-18 02-06-20 | DWH |  INFO | DWH|RESET_DWH_START|Data/dwhdb.db.db|||||START
2026-05-18 02-06-20 | DWH |  INFO | DWH|READ|Data/dwhdb.db|DIM_age_group|||SUCCESS
2026-05-18 02-06-20 | DWH |  INFO | DWH|READ|Data/dwhdb.db|DIM_customer_segment|||SUCCESS
2026-05-18 02-06-20 | DWH |  INFO | DWH|READ|Data/dwhdb.db|DIM_country|||SUCCESS
2026-05-18 02-06-20 | DWH |  INFO | DWH|READ|Data/dwhdb.db|DIM_customer_headquarters|||SUCCESS
2026-05-18 02-06-20 | DWH |  INFO | DWH|READ|Data/dwhdb.db|DIM_customer|||SUCCESS
2026-05-18 02-06-20 | DWH |  INFO | DWH|READ|Data/dwhdb.db|FACT_sales_demographic|||SUCCESS
2026-05-18 02-06-20 | DWH |  INFO | DWH|READ|Data/dwhdb.db|DIM_product|||SUCCESS
2026-05-18 02-06-20 | DWH |  INFO | DWH|READ|Data/dwhdb.db|DIM_retailer_site|||SUCCESS
2026-05-18 02-06-20 | DWH |  INFO | DWH|READ|Data/dwhdb.db|DIM_sales_branch|||SUCCESS
2026-05-18 02-06-20 | DWH |  INFO | DWH|READ|Data/dwhdb.db|DIM_sales_staff|||SUCCESS
2026-05-18 02-06-20 | DWH |  INFO | DWH|READ|Data/dwhdb.db|FACT_order_header|||SUCCESS
2026-05-18 02-06-20 | DWH |  INFO | DWH|READ|Data/dwhdb.db|FACT_order_details|||SUCCESS
2026-05-18 02-06-20 | DWH |  INFO | DWH|READ|Data/dwhdb.db|DIM_returned_item|||SUCCESS
2026-05-18 02-06-20 | DWH |  INFO | DWH|READ|Data/dwhdb.db|DIM_inventory_level|||SUCCESS
2026-05-18 02-06-20 | DWH |  INFO | DWH|READ|Data/dwhdb.db|DIM_product_forecast|||SUCCESS
2026-05-18 02-06-20 | DWH |  INFO | DWH|READ|Data/dwhdb.db|FACT_sales_target|||SUCCESS
2026-05-18 02-06-20 | DWH |  INFO | DWH|READ|Data/dwhdb.db|DIM_Month|||SUCCESS
2026-05-18 02-06-20 | DWH |  INFO | DWH|READ|Data/dwhdb.db|DIM_Date|||SUCCESS
2026-05-18 02-06-20 | DWH |  INFO | DWH|LOAD_DWH_END|Data/dwhdb.db|||||END
2026-05-18 02-06-20 | DWH |  INFO | DWH|RESET_DWH_END|%s|||||END
2026-05-18 02-09-24 | DWH |  INFO | DWH|RESET_DWH_START|Data/dwhdb.db.db|||||START
2026-05-18 02-09-24 | DWH |  INFO | DWH|READ|Data/dwhdb.db|DIM_age_group|||SUCCESS
2026-05-18 02-09-24 | DWH |  INFO | DWH|READ|Data/dwhdb.db|DIM_customer_segment|||SUCCESS
2026-05-18 02-09-24 | DWH |  INFO | DWH|READ|Data/dwhdb.db|DIM_country|||SUCCESS
2026-05-18 02-09-24 | DWH |  INFO | DWH|READ|Data/dwhdb.db|DIM_customer_headquarters|||SUCCESS
2026-05-18 02-09-24 | DWH |  INFO | DWH|READ|Data/dwhdb.db|DIM_customer|||SUCCESS
2026-05-18 02-09-24 | DWH |  INFO | DWH|READ|Data/dwhdb.db|FACT_sales_demographic|||SUCCESS
2026-05-18 02-09-24 | DWH |  INFO | DWH|READ|Data/dwhdb.db|DIM_product|||SUCCESS
2026-05-18 02-09-24 | DWH |  INFO | DWH|READ|Data/dwhdb.db|DIM_retailer_site|||SUCCESS
2026-05-18 02-09-24 | DWH |  INFO | DWH|READ|Data/dwhdb.db|DIM_sales_branch|||SUCCESS
2026-05-18 02-09-24 | DWH |  INFO | DWH|READ|Data/dwhdb.db|DIM_sales_staff|||SUCCESS
2026-05-18 02-09-24 | DWH |  INFO | DWH|READ|Data/dwhdb.db|FACT_order_header|||SUCCESS
2026-05-18 02-09-24 | DWH |  INFO | DWH|READ|Data/dwhdb.db|FACT_order_details|||SUCCESS
2026-05-18 02-09-24 | DWH |  INFO | DWH|READ|Data/dwhdb.db|DIM_returned_item|||SUCCESS
2026-05-18 02-09-24 | DWH |  INFO | DWH|READ|Data/dwhdb.db|DIM_inventory_level|||SUCCESS
2026-05-18 02-09-24 | DWH |  INFO | DWH|READ|Data/dwhdb.db|DIM_product_forecast|||SUCCESS
2026-05-18 02-09-24 | DWH |  INFO | DWH|READ|Data/dwhdb.db|FACT_sales_target|||SUCCESS
2026-05-18 02-09-24 | DWH |  INFO | DWH|READ|Data/dwhdb.db|DIM_Month|||SUCCESS
2026-05-18 02-09-24 | DWH |  INFO | DWH|READ|Data/dwhdb.db|DIM_Date|||SUCCESS
2026-05-18 02-09-24 | DWH |  INFO | DWH|LOAD_DWH_END|Data/dwhdb.db|||||END
2026-05-18 02-09-24 | DWH |  INFO | DWH|RESET_DWH_END|%s|||||END
2026-05-18 13-47-10 | DWH |  INFO | DWH|INFO|Data/sdm-dwh/dwhdb.db|DIM_age_group|SUCCESS
2026-05-18 13-47-10 | DWH |  INFO | DWH|INFO|Data/sdm-dwh/dwhdb.db|DIM_customer_segment|SUCCESS
2026-05-18 13-47-10 | DWH |  INFO | DWH|INFO|Data/sdm-dwh/dwhdb.db|DIM_Month|SUCCESS
2026-05-18 13-47-10 | DWH |  INFO | DWH|INFO|Data/sdm-dwh/dwhdb.db|DIM_country|SUCCESS
2026-05-18 13-47-10 | DWH |  INFO | DWH|INFO|Data/sdm-dwh/dwhdb.db|DIM_Date|SUCCESS
2026-05-18 13-47-10 | DWH |  INFO | DWH|INFO|Data/sdm-dwh/dwhdb.db|DIM_sales_branch|SUCCESS
2026-05-18 13-47-10 | DWH |  INFO | DWH|INFO|Data/sdm-dwh/dwhdb.db|DIM_product|SUCCESS
2026-05-18 13-47-10 | DWH |  INFO | DWH|INFO|Data/sdm-dwh/dwhdb.db|DIM_customer_headquarters|SUCCESS
2026-05-18 13-47-10 | DWH |  INFO | DWH|INFO|Data/sdm-dwh/dwhdb.db|DIM_sales_staff|SUCCESS
2026-05-18 13-47-10 | DWH |  INFO | DWH|INFO|Data/sdm-dwh/dwhdb.db|DIM_customer|SUCCESS
2026-05-18 13-47-10 | DWH |  INFO | DWH|INFO|Data/sdm-dwh/dwhdb.db|DIM_retailer_site|SUCCESS
2026-05-18 13-47-10 | DWH |  INFO | DWH|INFO|Data/sdm-dwh/dwhdb.db|FACT_sales_demographic|SUCCESS
2026-05-18 13-47-10 | DWH |  INFO | DWH|INFO|Data/sdm-dwh/dwhdb.db|FACT_order_header|SUCCESS
2026-05-18 13-47-11 | DWH |  INFO | DWH|INFO|Data/sdm-dwh/dwhdb.db|FACT_order_details|SUCCESS
2026-05-18 13-47-11 | DWH |  INFO | DWH|INFO|Data/sdm-dwh/dwhdb.db|DIM_returned_item|SUCCESS
2026-05-18 13-47-11 | DWH |  INFO | DWH|INFO|Data/sdm-dwh/dwhdb.db|DIM_inventory_level|SUCCESS
2026-05-18 13-47-11 | DWH |  INFO | DWH|INFO|Data/sdm-dwh/dwhdb.db|DIM_product_forecast|SUCCESS
2026-05-18 13-47-11 | DWH |  INFO | DWH|INFO|Data/sdm-dwh/dwhdb.db|FACT_sales_target|SUCCESS
2026-05-18 15-10-09 | DWH |  INFO | DWH|START POPULATION|Data/sdm-dwh/dwhdb.db
2026-05-18 15-10-09 | DWH |  INFO | DWH|INFO|Data/sdm-dwh/dwhdb.db|DIM_customer_segment|SUCCESS
2026-05-18 15-10-09 | DWH |  INFO | DWH|INFO|Data/sdm-dwh/dwhdb.db|DIM_Month|SUCCESS
2026-05-18 15-10-09 | DWH |  INFO | DWH|INFO|Data/sdm-dwh/dwhdb.db|DIM_country|SUCCESS
2026-05-18 15-10-09 | DWH |  INFO | DWH|INFO|Data/sdm-dwh/dwhdb.db|DIM_Date|SUCCESS
2026-05-18 15-10-09 | DWH |  INFO | DWH|INFO|Data/sdm-dwh/dwhdb.db|DIM_sales_branch|SUCCESS
2026-05-18 15-10-09 | DWH |  INFO | DWH|INFO|Data/sdm-dwh/dwhdb.db|DIM_product|SUCCESS
2026-05-18 15-10-09 | DWH |  INFO | DWH|INFO|Data/sdm-dwh/dwhdb.db|DIM_customer_headquarters|SUCCESS
2026-05-18 15-10-09 | DWH |  INFO | DWH|INFO|Data/sdm-dwh/dwhdb.db|DIM_sales_staff|SUCCESS
2026-05-18 15-10-09 | DWH |  INFO | DWH|INFO|Data/sdm-dwh/dwhdb.db|DIM_customer|SUCCESS
2026-05-18 15-10-09 | DWH |  INFO | DWH|INFO|Data/sdm-dwh/dwhdb.db|DIM_retailer_site|SUCCESS
2026-05-18 15-10-09 | DWH |  INFO | DWH|INFO|Data/sdm-dwh/dwhdb.db|FACT_sales_demographic|SUCCESS
2026-05-18 15-10-09 | DWH |  INFO | DWH|INFO|Data/sdm-dwh/dwhdb.db|FACT_order_header|SUCCESS
2026-05-18 15-10-09 | DWH |  INFO | DWH|INFO|Data/sdm-dwh/dwhdb.db|FACT_order_details|SUCCESS
2026-05-18 15-10-09 | DWH |  INFO | DWH|INFO|Data/sdm-dwh/dwhdb.db|FACT_return_details|SUCCESS
2026-05-18 15-10-09 | DWH |  INFO | DWH|INFO|Data/sdm-dwh/dwhdb.db|FACT_product_snapshot|SUCCESS
2026-05-18 15-10-09 | DWH |  INFO | DWH|INFO|Data/sdm-dwh/dwhdb.db|FACT_sales_target|SUCCESS
2026-05-18 15-15-49 | DWH |  INFO | DWH|START POPULATION|Data/sdm-dwh/dwhdb.db
2026-05-18 15-15-49 | DWH |  INFO | DWH|INFO|Data/sdm-dwh/dwhdb.db|DIM_customer_segment|SUCCESS
2026-05-18 15-15-49 | DWH |  INFO | DWH|INFO|Data/sdm-dwh/dwhdb.db|DIM_Month|SUCCESS
2026-05-18 15-15-49 | DWH |  INFO | DWH|INFO|Data/sdm-dwh/dwhdb.db|DIM_country|SUCCESS
2026-05-18 15-15-49 | DWH |  INFO | DWH|INFO|Data/sdm-dwh/dwhdb.db|DIM_Date|SUCCESS
2026-05-18 15-15-49 | DWH |  INFO | DWH|INFO|Data/sdm-dwh/dwhdb.db|DIM_sales_branch|SUCCESS
2026-05-18 15-15-49 | DWH |  INFO | DWH|INFO|Data/sdm-dwh/dwhdb.db|DIM_product|SUCCESS
2026-05-18 15-15-49 | DWH |  INFO | DWH|INFO|Data/sdm-dwh/dwhdb.db|DIM_customer_headquarters|SUCCESS
2026-05-18 15-15-49 | DWH |  INFO | DWH|INFO|Data/sdm-dwh/dwhdb.db|DIM_sales_staff|SUCCESS
2026-05-18 15-15-49 | DWH |  INFO | DWH|INFO|Data/sdm-dwh/dwhdb.db|DIM_customer|SUCCESS
2026-05-18 15-15-49 | DWH |  INFO | DWH|INFO|Data/sdm-dwh/dwhdb.db|DIM_retailer_site|SUCCESS
2026-05-18 15-15-49 | DWH |  INFO | DWH|INFO|Data/sdm-dwh/dwhdb.db|FACT_sales_demographic|SUCCESS
2026-05-18 15-15-49 | DWH |  INFO | DWH|INFO|Data/sdm-dwh/dwhdb.db|FACT_order_header|SUCCESS
2026-05-18 15-15-49 | DWH |  INFO | DWH|INFO|Data/sdm-dwh/dwhdb.db|FACT_order_details|SUCCESS
2026-05-18 15-15-49 | DWH |  INFO | DWH|INFO|Data/sdm-dwh/dwhdb.db|FACT_return_details|SUCCESS
2026-05-18 15-15-49 | DWH |  INFO | DWH|INFO|Data/sdm-dwh/dwhdb.db|FACT_product_snapshot|SUCCESS
2026-05-18 15-15-49 | DWH |  INFO | DWH|INFO|Data/sdm-dwh/dwhdb.db|FACT_sales_target|SUCCESS
2026-05-18 15-16-24 | DWH |  INFO | DWH|RESET_DWH_START|Data/dwhdb.db.db|||||START
2026-05-18 15-16-24 | DWH |  INFO | DWH|READ|Data/dwhdb.db|DIM_customer_segment|||SUCCESS
2026-05-18 15-16-24 | DWH |  INFO | DWH|READ|Data/dwhdb.db|DIM_country|||SUCCESS
2026-05-18 15-16-24 | DWH |  INFO | DWH|READ|Data/dwhdb.db|DIM_customer_headquarters|||SUCCESS
2026-05-18 15-16-24 | DWH |  INFO | DWH|READ|Data/dwhdb.db|DIM_customer|||SUCCESS
2026-05-18 15-16-24 | DWH |  INFO | DWH|READ|Data/dwhdb.db|FACT_sales_demographic|||SUCCESS
2026-05-18 15-16-24 | DWH |  INFO | DWH|READ|Data/dwhdb.db|DIM_product|||SUCCESS
2026-05-18 15-16-24 | DWH |  INFO | DWH|READ|Data/dwhdb.db|DIM_retailer_site|||SUCCESS
2026-05-18 15-16-24 | DWH |  INFO | DWH|READ|Data/dwhdb.db|DIM_sales_branch|||SUCCESS
2026-05-18 15-16-24 | DWH |  INFO | DWH|READ|Data/dwhdb.db|DIM_sales_staff|||SUCCESS
2026-05-18 15-16-24 | DWH |  INFO | DWH|READ|Data/dwhdb.db|FACT_order_header|||SUCCESS
2026-05-18 15-16-24 | DWH |  INFO | DWH|READ|Data/dwhdb.db|FACT_order_details|||SUCCESS
2026-05-18 15-16-24 | DWH |  INFO | DWH|READ|Data/dwhdb.db|FACT_return_details|||SUCCESS
2026-05-18 15-16-24 | DWH |  INFO | DWH|READ|Data/dwhdb.db|FACT_sales_target|||SUCCESS
2026-05-18 15-16-24 | DWH |  INFO | DWH|READ|Data/dwhdb.db|DIM_Month|||SUCCESS
2026-05-18 15-16-24 | DWH |  INFO | DWH|READ|Data/dwhdb.db|DIM_Date|||SUCCESS
2026-05-18 15-16-24 | DWH |  INFO | DWH|READ|Data/dwhdb.db|FACT_Product_Snapshot|||SUCCESS
2026-05-18 15-16-24 | DWH |  INFO | DWH|LOAD_DWH_END|Data/dwhdb.db|||||END
2026-05-18 15-16-24 | DWH |  INFO | DWH|RESET_DWH_END|%s|||||END
2026-05-18 15-16-28 | DWH |  INFO | DWH|START POPULATION|Data/sdm-dwh/dwhdb.db
2026-05-18 15-16-28 | DWH |  ERROR | DWH|ERROR|Data/sdm-dwh/dwhdb.db|DIM_customer_segment|no such table: DIM_customer_segment
2026-05-18 15-16-35 | DWH |  INFO | DWH|START POPULATION|Data/sdm-dwh/dwhdb.db
2026-05-18 15-16-35 | DWH |  INFO | DWH|INFO|Data/sdm-dwh/dwhdb.db|DIM_customer_segment|SUCCESS
2026-05-18 15-16-35 | DWH |  INFO | DWH|INFO|Data/sdm-dwh/dwhdb.db|DIM_Month|SUCCESS
2026-05-18 15-16-35 | DWH |  INFO | DWH|INFO|Data/sdm-dwh/dwhdb.db|DIM_country|SUCCESS
2026-05-18 15-16-35 | DWH |  INFO | DWH|INFO|Data/sdm-dwh/dwhdb.db|DIM_Date|SUCCESS
2026-05-18 15-16-35 | DWH |  INFO | DWH|INFO|Data/sdm-dwh/dwhdb.db|DIM_sales_branch|SUCCESS
2026-05-18 15-16-35 | DWH |  INFO | DWH|INFO|Data/sdm-dwh/dwhdb.db|DIM_product|SUCCESS
2026-05-18 15-16-35 | DWH |  INFO | DWH|INFO|Data/sdm-dwh/dwhdb.db|DIM_customer_headquarters|SUCCESS
2026-05-18 15-16-35 | DWH |  INFO | DWH|INFO|Data/sdm-dwh/dwhdb.db|DIM_sales_staff|SUCCESS
2026-05-18 15-16-35 | DWH |  INFO | DWH|INFO|Data/sdm-dwh/dwhdb.db|DIM_customer|SUCCESS
2026-05-18 15-16-35 | DWH |  INFO | DWH|INFO|Data/sdm-dwh/dwhdb.db|DIM_retailer_site|SUCCESS
2026-05-18 15-16-35 | DWH |  INFO | DWH|INFO|Data/sdm-dwh/dwhdb.db|FACT_sales_demographic|SUCCESS
2026-05-18 15-16-35 | DWH |  INFO | DWH|INFO|Data/sdm-dwh/dwhdb.db|FACT_order_header|SUCCESS
2026-05-18 15-16-35 | DWH |  INFO | DWH|INFO|Data/sdm-dwh/dwhdb.db|FACT_order_details|SUCCESS
2026-05-18 15-16-35 | DWH |  INFO | DWH|INFO|Data/sdm-dwh/dwhdb.db|FACT_return_details|SUCCESS
2026-05-18 15-16-35 | DWH |  INFO | DWH|INFO|Data/sdm-dwh/dwhdb.db|FACT_product_snapshot|SUCCESS
2026-05-18 15-16-35 | DWH |  INFO | DWH|INFO|Data/sdm-dwh/dwhdb.db|FACT_sales_target|SUCCESS
2026-05-18 15-16-35 | DWH |  INFO | DWH|RESET_DWH_START|Data/dwhdb.db.db|||||START
2026-05-18 15-16-35 | DWH |  INFO | DWH|READ|Data/dwhdb.db|DIM_customer_segment|||SUCCESS
2026-05-18 15-16-35 | DWH |  INFO | DWH|READ|Data/dwhdb.db|DIM_country|||SUCCESS
2026-05-18 15-16-35 | DWH |  INFO | DWH|READ|Data/dwhdb.db|DIM_customer_headquarters|||SUCCESS
2026-05-18 15-16-35 | DWH |  INFO | DWH|READ|Data/dwhdb.db|DIM_customer|||SUCCESS
2026-05-18 15-16-35 | DWH |  INFO | DWH|READ|Data/dwhdb.db|FACT_sales_demographic|||SUCCESS
2026-05-18 15-16-35 | DWH |  INFO | DWH|READ|Data/dwhdb.db|DIM_product|||SUCCESS
2026-05-18 15-16-35 | DWH |  INFO | DWH|READ|Data/dwhdb.db|DIM_retailer_site|||SUCCESS
2026-05-18 15-16-35 | DWH |  INFO | DWH|READ|Data/dwhdb.db|DIM_sales_branch|||SUCCESS
2026-05-18 15-16-35 | DWH |  INFO | DWH|READ|Data/dwhdb.db|DIM_sales_staff|||SUCCESS
2026-05-18 15-16-35 | DWH |  INFO | DWH|READ|Data/dwhdb.db|FACT_order_header|||SUCCESS
2026-05-18 15-16-35 | DWH |  INFO | DWH|READ|Data/dwhdb.db|FACT_order_details|||SUCCESS
2026-05-18 15-16-35 | DWH |  INFO | DWH|READ|Data/dwhdb.db|FACT_return_details|||SUCCESS
2026-05-18 15-16-35 | DWH |  INFO | DWH|READ|Data/dwhdb.db|FACT_sales_target|||SUCCESS
2026-05-18 15-16-35 | DWH |  INFO | DWH|READ|Data/dwhdb.db|DIM_Month|||SUCCESS
2026-05-18 15-16-35 | DWH |  INFO | DWH|READ|Data/dwhdb.db|DIM_Date|||SUCCESS
2026-05-18 15-16-35 | DWH |  INFO | DWH|READ|Data/dwhdb.db|FACT_Product_Snapshot|||SUCCESS
2026-05-18 15-16-35 | DWH |  INFO | DWH|LOAD_DWH_END|Data/dwhdb.db|||||END
2026-05-18 15-16-35 | DWH |  INFO | DWH|RESET_DWH_END|%s|||||END
2026-05-18 15-16-44 | DWH |  INFO | DWH|START POPULATION|Data/sdm-dwh/dwhdb.db
2026-05-18 15-16-44 | DWH |  INFO | DWH|INFO|Data/sdm-dwh/dwhdb.db|DIM_customer_segment|SUCCESS
2026-05-18 15-16-44 | DWH |  INFO | DWH|INFO|Data/sdm-dwh/dwhdb.db|DIM_Month|SUCCESS
2026-05-18 15-16-44 | DWH |  INFO | DWH|INFO|Data/sdm-dwh/dwhdb.db|DIM_country|SUCCESS
2026-05-18 15-16-44 | DWH |  INFO | DWH|INFO|Data/sdm-dwh/dwhdb.db|DIM_Date|SUCCESS
2026-05-18 15-16-44 | DWH |  INFO | DWH|INFO|Data/sdm-dwh/dwhdb.db|DIM_sales_branch|SUCCESS
2026-05-18 15-16-44 | DWH |  INFO | DWH|INFO|Data/sdm-dwh/dwhdb.db|DIM_product|SUCCESS
2026-05-18 15-16-44 | DWH |  INFO | DWH|INFO|Data/sdm-dwh/dwhdb.db|DIM_customer_headquarters|SUCCESS
2026-05-18 15-16-44 | DWH |  INFO | DWH|INFO|Data/sdm-dwh/dwhdb.db|DIM_sales_staff|SUCCESS
2026-05-18 15-16-44 | DWH |  INFO | DWH|INFO|Data/sdm-dwh/dwhdb.db|DIM_customer|SUCCESS
2026-05-18 15-16-44 | DWH |  INFO | DWH|INFO|Data/sdm-dwh/dwhdb.db|DIM_retailer_site|SUCCESS
2026-05-18 15-16-44 | DWH |  INFO | DWH|INFO|Data/sdm-dwh/dwhdb.db|FACT_sales_demographic|SUCCESS
2026-05-18 15-16-44 | DWH |  INFO | DWH|INFO|Data/sdm-dwh/dwhdb.db|FACT_order_header|SUCCESS
2026-05-18 15-16-44 | DWH |  INFO | DWH|INFO|Data/sdm-dwh/dwhdb.db|FACT_order_details|SUCCESS
2026-05-18 15-16-44 | DWH |  INFO | DWH|INFO|Data/sdm-dwh/dwhdb.db|FACT_return_details|SUCCESS
2026-05-18 15-16-44 | DWH |  INFO | DWH|INFO|Data/sdm-dwh/dwhdb.db|FACT_product_snapshot|SUCCESS
2026-05-18 15-16-45 | DWH |  INFO | DWH|INFO|Data/sdm-dwh/dwhdb.db|FACT_sales_target|SUCCESS
2026-05-18 22-34-45 | DWH |  INFO | DWH|START POPULATION|Data/sdm-dwh/dwhdb.db
2026-05-18 22-34-45 | DWH |  INFO | DWH|INFO|Data/sdm-dwh/dwhdb.db|DIM_customer_segment|SUCCESS
2026-05-18 22-34-45 | DWH |  INFO | DWH|INFO|Data/sdm-dwh/dwhdb.db|DIM_Month|SUCCESS
2026-05-18 22-34-45 | DWH |  INFO | DWH|INFO|Data/sdm-dwh/dwhdb.db|DIM_country|SUCCESS
2026-05-18 22-34-45 | DWH |  INFO | DWH|INFO|Data/sdm-dwh/dwhdb.db|DIM_Date|SUCCESS
2026-05-18 22-34-45 | DWH |  INFO | DWH|INFO|Data/sdm-dwh/dwhdb.db|DIM_sales_branch|SUCCESS
2026-05-18 22-34-45 | DWH |  INFO | DWH|INFO|Data/sdm-dwh/dwhdb.db|DIM_product|SUCCESS
2026-05-18 22-34-45 | DWH |  INFO | DWH|INFO|Data/sdm-dwh/dwhdb.db|DIM_customer_headquarters|SUCCESS
2026-05-18 22-34-45 | DWH |  INFO | DWH|INFO|Data/sdm-dwh/dwhdb.db|DIM_sales_staff|SUCCESS
2026-05-18 22-34-45 | DWH |  INFO | DWH|INFO|Data/sdm-dwh/dwhdb.db|DIM_customer|SUCCESS
2026-05-18 22-34-45 | DWH |  INFO | DWH|INFO|Data/sdm-dwh/dwhdb.db|DIM_retailer_site|SUCCESS
2026-05-18 22-34-45 | DWH |  INFO | DWH|INFO|Data/sdm-dwh/dwhdb.db|FACT_sales_demographic|SUCCESS
2026-05-18 22-34-45 | DWH |  ERROR | DWH|ERROR|Data/sdm-dwh/dwhdb.db|FACT_order_header|MISSING COLUMNS: {'RETAILER_SITE'}
2026-05-18 22-34-45 | DWH |  INFO | DWH|INFO|Data/sdm-dwh/dwhdb.db|FACT_order_details|SUCCESS
2026-05-18 22-34-45 | DWH |  INFO | DWH|INFO|Data/sdm-dwh/dwhdb.db|FACT_return_details|SUCCESS
2026-05-18 22-34-45 | DWH |  INFO | DWH|INFO|Data/sdm-dwh/dwhdb.db|FACT_product_snapshot|SUCCESS
2026-05-18 22-34-46 | DWH |  INFO | DWH|INFO|Data/sdm-dwh/dwhdb.db|FACT_sales_target|SUCCESS
2026-05-18 22-35-38 | DWH |  INFO | DWH|START POPULATION|Data/sdm-dwh/dwhdb.db
2026-05-18 22-35-38 | DWH |  INFO | DWH|INFO|Data/sdm-dwh/dwhdb.db|DIM_customer_segment|SUCCESS
2026-05-18 22-35-38 | DWH |  INFO | DWH|INFO|Data/sdm-dwh/dwhdb.db|DIM_Month|SUCCESS
2026-05-18 22-35-38 | DWH |  INFO | DWH|INFO|Data/sdm-dwh/dwhdb.db|DIM_country|SUCCESS
2026-05-18 22-35-38 | DWH |  INFO | DWH|INFO|Data/sdm-dwh/dwhdb.db|DIM_Date|SUCCESS
2026-05-18 22-35-38 | DWH |  INFO | DWH|INFO|Data/sdm-dwh/dwhdb.db|DIM_sales_branch|SUCCESS
2026-05-18 22-35-38 | DWH |  INFO | DWH|INFO|Data/sdm-dwh/dwhdb.db|DIM_product|SUCCESS
2026-05-18 22-35-38 | DWH |  INFO | DWH|INFO|Data/sdm-dwh/dwhdb.db|DIM_customer_headquarters|SUCCESS
2026-05-18 22-35-38 | DWH |  INFO | DWH|INFO|Data/sdm-dwh/dwhdb.db|DIM_sales_staff|SUCCESS
2026-05-18 22-35-38 | DWH |  INFO | DWH|INFO|Data/sdm-dwh/dwhdb.db|DIM_customer|SUCCESS
2026-05-18 22-35-38 | DWH |  INFO | DWH|INFO|Data/sdm-dwh/dwhdb.db|DIM_retailer_site|SUCCESS
2026-05-18 22-35-38 | DWH |  INFO | DWH|INFO|Data/sdm-dwh/dwhdb.db|FACT_sales_demographic|SUCCESS
2026-05-18 22-35-38 | DWH |  INFO | DWH|INFO|Data/sdm-dwh/dwhdb.db|FACT_order_header|SUCCESS
2026-05-18 22-35-39 | DWH |  INFO | DWH|INFO|Data/sdm-dwh/dwhdb.db|FACT_order_details|SUCCESS
2026-05-18 22-35-39 | DWH |  INFO | DWH|INFO|Data/sdm-dwh/dwhdb.db|FACT_return_details|SUCCESS
2026-05-18 22-35-39 | DWH |  INFO | DWH|INFO|Data/sdm-dwh/dwhdb.db|FACT_product_snapshot|SUCCESS
2026-05-18 22-35-39 | DWH |  INFO | DWH|INFO|Data/sdm-dwh/dwhdb.db|FACT_sales_target|SUCCESS
2026-05-19 13-44-44 | DWH |  INFO | DWH|START POPULATION|Data/sdm-dwh/dwhdb.db
2026-05-19 13-44-44 | DWH |  INFO | DWH|INFO|Data/sdm-dwh/dwhdb.db|DIM_customer_segment|SUCCESS
2026-05-19 13-44-44 | DWH |  INFO | DWH|INFO|Data/sdm-dwh/dwhdb.db|DIM_Month|SUCCESS
2026-05-19 13-44-44 | DWH |  INFO | DWH|INFO|Data/sdm-dwh/dwhdb.db|DIM_country|SUCCESS
2026-05-19 13-44-44 | DWH |  INFO | DWH|INFO|Data/sdm-dwh/dwhdb.db|DIM_Date|SUCCESS
2026-05-19 13-44-44 | DWH |  INFO | DWH|INFO|Data/sdm-dwh/dwhdb.db|DIM_sales_branch|SUCCESS
2026-05-19 13-44-44 | DWH |  INFO | DWH|INFO|Data/sdm-dwh/dwhdb.db|DIM_product|SUCCESS
2026-05-19 13-44-44 | DWH |  INFO | DWH|INFO|Data/sdm-dwh/dwhdb.db|DIM_customer_headquarters|SUCCESS
2026-05-19 13-44-44 | DWH |  INFO | DWH|INFO|Data/sdm-dwh/dwhdb.db|DIM_sales_staff|SUCCESS
2026-05-19 13-44-44 | DWH |  INFO | DWH|INFO|Data/sdm-dwh/dwhdb.db|DIM_customer|SUCCESS
2026-05-19 13-44-44 | DWH |  INFO | DWH|INFO|Data/sdm-dwh/dwhdb.db|DIM_retailer_site|SUCCESS
2026-05-19 13-44-44 | DWH |  INFO | DWH|INFO|Data/sdm-dwh/dwhdb.db|FACT_sales_demographic|SUCCESS
2026-05-19 13-44-44 | DWH |  INFO | DWH|INFO|Data/sdm-dwh/dwhdb.db|FACT_order_header|SUCCESS
2026-05-19 13-44-44 | DWH |  INFO | DWH|INFO|Data/sdm-dwh/dwhdb.db|FACT_order_details|SUCCESS
2026-05-19 13-44-44 | DWH |  INFO | DWH|INFO|Data/sdm-dwh/dwhdb.db|FACT_return_details|SUCCESS
2026-05-19 13-44-44 | DWH |  INFO | DWH|INFO|Data/sdm-dwh/dwhdb.db|FACT_product_snapshot|SUCCESS
2026-05-19 13-44-45 | DWH |  INFO | DWH|INFO|Data/sdm-dwh/dwhdb.db|FACT_sales_target|SUCCESS
2026-05-19 14-34-41 | DWH |  INFO | DWH|START POPULATION|Data/sdm-dwh/dwhdb.db
2026-05-19 14-34-41 | DWH |  INFO | DWH|INFO|Data/sdm-dwh/dwhdb.db|DIM_customer_segment|SUCCESS
2026-05-19 14-34-41 | DWH |  INFO | DWH|INFO|Data/sdm-dwh/dwhdb.db|DIM_Month|SUCCESS
2026-05-19 14-34-41 | DWH |  INFO | DWH|INFO|Data/sdm-dwh/dwhdb.db|DIM_country|SUCCESS
2026-05-19 14-34-41 | DWH |  INFO | DWH|INFO|Data/sdm-dwh/dwhdb.db|DIM_Date|SUCCESS
2026-05-19 14-34-41 | DWH |  INFO | DWH|INFO|Data/sdm-dwh/dwhdb.db|DIM_sales_branch|SUCCESS
2026-05-19 14-34-41 | DWH |  INFO | DWH|INFO|Data/sdm-dwh/dwhdb.db|DIM_product|SUCCESS
2026-05-19 14-34-41 | DWH |  INFO | DWH|INFO|Data/sdm-dwh/dwhdb.db|DIM_customer_headquarters|SUCCESS
2026-05-19 14-34-41 | DWH |  INFO | DWH|INFO|Data/sdm-dwh/dwhdb.db|DIM_sales_staff|SUCCESS
2026-05-19 14-34-41 | DWH |  INFO | DWH|INFO|Data/sdm-dwh/dwhdb.db|DIM_customer|SUCCESS
2026-05-19 14-34-41 | DWH |  INFO | DWH|INFO|Data/sdm-dwh/dwhdb.db|DIM_retailer_site|SUCCESS
2026-05-19 14-34-41 | DWH |  INFO | DWH|INFO|Data/sdm-dwh/dwhdb.db|FACT_sales_demographic|SUCCESS
2026-05-19 14-34-41 | DWH |  INFO | DWH|INFO|Data/sdm-dwh/dwhdb.db|FACT_order_header|SUCCESS
2026-05-19 14-34-42 | DWH |  INFO | DWH|INFO|Data/sdm-dwh/dwhdb.db|FACT_order_details|SUCCESS
2026-05-19 14-34-42 | DWH |  INFO | DWH|INFO|Data/sdm-dwh/dwhdb.db|FACT_return_details|SUCCESS
2026-05-19 14-34-42 | DWH |  INFO | DWH|INFO|Data/sdm-dwh/dwhdb.db|FACT_product_snapshot|SUCCESS
2026-05-19 14-34-42 | DWH |  INFO | DWH|INFO|Data/sdm-dwh/dwhdb.db|FACT_sales_target|SUCCESS
2026-05-21 13-29-25 | DWH |  INFO | DWH|START POPULATION|Data/sdm-dwh/dwhdb.db
2026-05-21 13-29-25 | DWH |  INFO | DWH|INFO|Data/sdm-dwh/dwhdb.db|DIM_customer_segment|SUCCESS
2026-05-21 13-29-25 | DWH |  INFO | DWH|INFO|Data/sdm-dwh/dwhdb.db|DIM_Month|SUCCESS
2026-05-21 13-29-25 | DWH |  INFO | DWH|INFO|Data/sdm-dwh/dwhdb.db|DIM_country|SUCCESS
2026-05-21 13-29-25 | DWH |  INFO | DWH|INFO|Data/sdm-dwh/dwhdb.db|DIM_Date|SUCCESS
2026-05-21 13-29-25 | DWH |  INFO | DWH|INFO|Data/sdm-dwh/dwhdb.db|DIM_sales_branch|SUCCESS
2026-05-21 13-29-25 | DWH |  INFO | DWH|INFO|Data/sdm-dwh/dwhdb.db|DIM_product|SUCCESS
2026-05-21 13-29-25 | DWH |  INFO | DWH|INFO|Data/sdm-dwh/dwhdb.db|DIM_customer_headquarters|SUCCESS
2026-05-21 13-29-25 | DWH |  ERROR | DWH|ERROR|Data/sdm-dwh/dwhdb.db|DIM_sales_staff|Error binding parameter 8: type 'Timestamp' is not supported
2026-05-21 13-30-03 | DWH |  INFO | DWH|START POPULATION|Data/sdm-dwh/dwhdb.db
2026-05-21 13-30-03 | DWH |  INFO | DWH|INFO|Data/sdm-dwh/dwhdb.db|DIM_customer_segment|SUCCESS
2026-05-21 13-30-03 | DWH |  INFO | DWH|INFO|Data/sdm-dwh/dwhdb.db|DIM_Month|SUCCESS
2026-05-21 13-30-03 | DWH |  INFO | DWH|INFO|Data/sdm-dwh/dwhdb.db|DIM_country|SUCCESS
2026-05-21 13-30-03 | DWH |  INFO | DWH|INFO|Data/sdm-dwh/dwhdb.db|DIM_Date|SUCCESS
2026-05-21 13-30-03 | DWH |  INFO | DWH|INFO|Data/sdm-dwh/dwhdb.db|DIM_sales_branch|SUCCESS
2026-05-21 13-30-03 | DWH |  INFO | DWH|INFO|Data/sdm-dwh/dwhdb.db|DIM_product|SUCCESS
2026-05-21 13-30-03 | DWH |  INFO | DWH|INFO|Data/sdm-dwh/dwhdb.db|DIM_customer_headquarters|SUCCESS
2026-05-21 13-30-03 | DWH |  ERROR | DWH|ERROR|Data/sdm-dwh/dwhdb.db|DIM_sales_staff|Error binding parameter 8: type 'Timestamp' is not supported
2026-05-21 13-30-16 | DWH |  INFO | DWH|START POPULATION|Data/sdm-dwh/dwhdb.db
2026-05-21 13-30-16 | DWH |  INFO | DWH|INFO|Data/sdm-dwh/dwhdb.db|DIM_customer_segment|SUCCESS
2026-05-21 13-30-16 | DWH |  INFO | DWH|INFO|Data/sdm-dwh/dwhdb.db|DIM_Month|SUCCESS
2026-05-21 13-30-16 | DWH |  INFO | DWH|INFO|Data/sdm-dwh/dwhdb.db|DIM_country|SUCCESS
2026-05-21 13-30-16 | DWH |  INFO | DWH|INFO|Data/sdm-dwh/dwhdb.db|DIM_Date|SUCCESS
2026-05-21 13-30-16 | DWH |  INFO | DWH|INFO|Data/sdm-dwh/dwhdb.db|DIM_sales_branch|SUCCESS
2026-05-21 13-30-16 | DWH |  INFO | DWH|INFO|Data/sdm-dwh/dwhdb.db|DIM_product|SUCCESS
2026-05-21 13-30-16 | DWH |  INFO | DWH|INFO|Data/sdm-dwh/dwhdb.db|DIM_customer_headquarters|SUCCESS
2026-05-21 13-30-16 | DWH |  ERROR | DWH|ERROR|Data/sdm-dwh/dwhdb.db|DIM_sales_staff|Error binding parameter 8: type 'Timestamp' is not supported
2026-05-21 13-31-45 | DWH |  INFO | DWH|START POPULATION|Data/sdm-dwh/dwhdb.db
2026-05-21 13-31-45 | DWH |  INFO | DWH|INFO|Data/sdm-dwh/dwhdb.db|DIM_customer_segment|SUCCESS
2026-05-21 13-31-45 | DWH |  INFO | DWH|INFO|Data/sdm-dwh/dwhdb.db|DIM_Month|SUCCESS
2026-05-21 13-31-45 | DWH |  INFO | DWH|INFO|Data/sdm-dwh/dwhdb.db|DIM_country|SUCCESS
2026-05-21 13-31-45 | DWH |  INFO | DWH|INFO|Data/sdm-dwh/dwhdb.db|DIM_Date|SUCCESS
2026-05-21 13-31-45 | DWH |  INFO | DWH|INFO|Data/sdm-dwh/dwhdb.db|DIM_sales_branch|SUCCESS
2026-05-21 13-31-45 | DWH |  INFO | DWH|INFO|Data/sdm-dwh/dwhdb.db|DIM_product|SUCCESS
2026-05-21 13-31-45 | DWH |  INFO | DWH|INFO|Data/sdm-dwh/dwhdb.db|DIM_customer_headquarters|SUCCESS
2026-05-21 13-31-45 | DWH |  ERROR | DWH|ERROR|Data/sdm-dwh/dwhdb.db|DIM_sales_staff|Error binding parameter 8: type 'Timestamp' is not supported
2026-05-21 13-32-01 | DWH |  INFO | DWH|START POPULATION|Data/sdm-dwh/dwhdb.db
2026-05-21 13-32-01 | DWH |  INFO | DWH|INFO|Data/sdm-dwh/dwhdb.db|DIM_customer_segment|SUCCESS
2026-05-21 13-32-01 | DWH |  INFO | DWH|INFO|Data/sdm-dwh/dwhdb.db|DIM_Month|SUCCESS
2026-05-21 13-32-01 | DWH |  INFO | DWH|INFO|Data/sdm-dwh/dwhdb.db|DIM_country|SUCCESS
2026-05-21 13-32-01 | DWH |  INFO | DWH|INFO|Data/sdm-dwh/dwhdb.db|DIM_Date|SUCCESS
2026-05-21 13-32-01 | DWH |  INFO | DWH|INFO|Data/sdm-dwh/dwhdb.db|DIM_sales_branch|SUCCESS
2026-05-21 13-32-01 | DWH |  INFO | DWH|INFO|Data/sdm-dwh/dwhdb.db|DIM_product|SUCCESS
2026-05-21 13-32-01 | DWH |  INFO | DWH|INFO|Data/sdm-dwh/dwhdb.db|DIM_customer_headquarters|SUCCESS
2026-05-21 13-32-01 | DWH |  ERROR | DWH|ERROR|Data/sdm-dwh/dwhdb.db|DIM_sales_staff|Error binding parameter 8: type 'Timestamp' is not supported
2026-05-21 13-34-02 | DWH |  INFO | DWH|START POPULATION|Data/sdm-dwh/dwhdb.db
2026-05-21 13-34-02 | DWH |  INFO | DWH|INFO|Data/sdm-dwh/dwhdb.db|DIM_customer_segment|SUCCESS
2026-05-21 13-34-02 | DWH |  INFO | DWH|INFO|Data/sdm-dwh/dwhdb.db|DIM_Month|SUCCESS
2026-05-21 13-34-02 | DWH |  INFO | DWH|INFO|Data/sdm-dwh/dwhdb.db|DIM_country|SUCCESS
2026-05-21 13-34-02 | DWH |  INFO | DWH|INFO|Data/sdm-dwh/dwhdb.db|DIM_Date|SUCCESS
2026-05-21 13-34-02 | DWH |  INFO | DWH|INFO|Data/sdm-dwh/dwhdb.db|DIM_sales_branch|SUCCESS
2026-05-21 13-34-02 | DWH |  INFO | DWH|INFO|Data/sdm-dwh/dwhdb.db|DIM_product|SUCCESS
2026-05-21 13-34-02 | DWH |  INFO | DWH|INFO|Data/sdm-dwh/dwhdb.db|DIM_customer_headquarters|SUCCESS
2026-05-21 13-34-02 | DWH |  INFO | DWH|INFO|Data/sdm-dwh/dwhdb.db|DIM_sales_staff|SUCCESS
2026-05-21 13-34-02 | DWH |  INFO | DWH|INFO|Data/sdm-dwh/dwhdb.db|DIM_customer|SUCCESS
2026-05-21 13-34-02 | DWH |  INFO | DWH|INFO|Data/sdm-dwh/dwhdb.db|DIM_retailer_site|SUCCESS
2026-05-21 13-34-02 | DWH |  INFO | DWH|INFO|Data/sdm-dwh/dwhdb.db|FACT_sales_demographic|SUCCESS
2026-05-21 13-34-02 | DWH |  INFO | DWH|INFO|Data/sdm-dwh/dwhdb.db|FACT_order_header|SUCCESS
2026-05-21 13-34-02 | DWH |  INFO | DWH|INFO|Data/sdm-dwh/dwhdb.db|FACT_order_details|SUCCESS
2026-05-21 13-34-02 | DWH |  INFO | DWH|INFO|Data/sdm-dwh/dwhdb.db|FACT_return_details|SUCCESS
2026-05-21 13-34-02 | DWH |  INFO | DWH|INFO|Data/sdm-dwh/dwhdb.db|FACT_product_snapshot|SUCCESS
2026-05-21 13-34-02 | DWH |  INFO | DWH|INFO|Data/sdm-dwh/dwhdb.db|FACT_sales_target|SUCCESS
2026-05-21 13-49-41 | DWH |  INFO | DWH|START POPULATION|Data/sdm-dwh/dwhdb.db
2026-05-21 13-49-41 | DWH |  INFO | DWH|INFO|Data/sdm-dwh/dwhdb.db|DIM_customer_segment|SUCCESS
2026-05-21 13-49-41 | DWH |  INFO | DWH|INFO|Data/sdm-dwh/dwhdb.db|DIM_Month|SUCCESS
2026-05-21 13-49-41 | DWH |  INFO | DWH|INFO|Data/sdm-dwh/dwhdb.db|DIM_country|SUCCESS
2026-05-21 13-49-41 | DWH |  INFO | DWH|INFO|Data/sdm-dwh/dwhdb.db|DIM_Date|SUCCESS
2026-05-21 13-49-41 | DWH |  INFO | DWH|INFO|Data/sdm-dwh/dwhdb.db|DIM_sales_branch|SUCCESS
2026-05-21 13-49-41 | DWH |  INFO | DWH|INFO|Data/sdm-dwh/dwhdb.db|DIM_product|SUCCESS
2026-05-21 13-49-41 | DWH |  INFO | DWH|INFO|Data/sdm-dwh/dwhdb.db|DIM_customer_headquarters|SUCCESS
2026-05-21 13-49-41 | DWH |  INFO | DWH|INFO|Data/sdm-dwh/dwhdb.db|DIM_sales_staff|SUCCESS
2026-05-21 13-49-42 | DWH |  INFO | DWH|INFO|Data/sdm-dwh/dwhdb.db|DIM_customer|SUCCESS
2026-05-21 13-49-42 | DWH |  INFO | DWH|INFO|Data/sdm-dwh/dwhdb.db|DIM_retailer_site|SUCCESS
2026-05-21 13-49-42 | DWH |  INFO | DWH|INFO|Data/sdm-dwh/dwhdb.db|FACT_sales_demographic|SUCCESS
2026-05-21 13-49-42 | DWH |  INFO | DWH|INFO|Data/sdm-dwh/dwhdb.db|FACT_order_header|SUCCESS
2026-05-21 13-49-42 | DWH |  INFO | DWH|INFO|Data/sdm-dwh/dwhdb.db|FACT_order_details|SUCCESS
2026-05-21 13-49-42 | DWH |  INFO | DWH|INFO|Data/sdm-dwh/dwhdb.db|FACT_return_details|SUCCESS
2026-05-21 13-49-42 | DWH |  INFO | DWH|INFO|Data/sdm-dwh/dwhdb.db|FACT_product_snapshot|SUCCESS
2026-05-21 13-49-42 | DWH |  INFO | DWH|INFO|Data/sdm-dwh/dwhdb.db|FACT_sales_target|SUCCESS
2026-05-21 13-51-01 | DWH |  INFO | DWH|START POPULATION|Data/sdm-dwh/dwhdb.db
2026-05-21 13-51-01 | DWH |  INFO | DWH|INFO|Data/sdm-dwh/dwhdb.db|DIM_customer_segment|SUCCESS
2026-05-21 13-51-01 | DWH |  INFO | DWH|INFO|Data/sdm-dwh/dwhdb.db|DIM_Month|SUCCESS
2026-05-21 13-51-01 | DWH |  INFO | DWH|INFO|Data/sdm-dwh/dwhdb.db|DIM_country|SUCCESS
2026-05-21 13-51-01 | DWH |  INFO | DWH|INFO|Data/sdm-dwh/dwhdb.db|DIM_Date|SUCCESS
2026-05-21 13-51-01 | DWH |  INFO | DWH|INFO|Data/sdm-dwh/dwhdb.db|DIM_sales_branch|SUCCESS
2026-05-21 13-51-01 | DWH |  INFO | DWH|INFO|Data/sdm-dwh/dwhdb.db|DIM_product|SUCCESS
2026-05-21 13-51-01 | DWH |  INFO | DWH|INFO|Data/sdm-dwh/dwhdb.db|DIM_customer_headquarters|SUCCESS
2026-05-21 13-51-01 | DWH |  INFO | DWH|INFO|Data/sdm-dwh/dwhdb.db|DIM_sales_staff|SUCCESS
2026-05-21 13-51-01 | DWH |  INFO | DWH|INFO|Data/sdm-dwh/dwhdb.db|DIM_customer|SUCCESS
2026-05-21 13-51-01 | DWH |  INFO | DWH|INFO|Data/sdm-dwh/dwhdb.db|DIM_retailer_site|SUCCESS
2026-05-21 13-51-01 | DWH |  INFO | DWH|INFO|Data/sdm-dwh/dwhdb.db|FACT_sales_demographic|SUCCESS
2026-05-21 13-51-01 | DWH |  INFO | DWH|INFO|Data/sdm-dwh/dwhdb.db|FACT_order_header|SUCCESS
2026-05-21 13-51-01 | DWH |  INFO | DWH|INFO|Data/sdm-dwh/dwhdb.db|FACT_order_details|SUCCESS
2026-05-21 13-51-01 | DWH |  INFO | DWH|INFO|Data/sdm-dwh/dwhdb.db|FACT_return_details|SUCCESS
2026-05-21 13-51-01 | DWH |  INFO | DWH|INFO|Data/sdm-dwh/dwhdb.db|FACT_product_snapshot|SUCCESS
2026-05-21 13-51-01 | DWH |  INFO | DWH|INFO|Data/sdm-dwh/dwhdb.db|FACT_sales_target|SUCCESS
2026-05-21 13-51-14 | DWH |  INFO | DWH|START POPULATION|Data/sdm-dwh/dwhdb.db
2026-05-21 13-51-14 | DWH |  INFO | DWH|INFO|Data/sdm-dwh/dwhdb.db|DIM_customer_segment|SUCCESS
2026-05-21 13-51-14 | DWH |  INFO | DWH|INFO|Data/sdm-dwh/dwhdb.db|DIM_Month|SUCCESS
2026-05-21 13-51-14 | DWH |  INFO | DWH|INFO|Data/sdm-dwh/dwhdb.db|DIM_country|SUCCESS
2026-05-21 13-51-14 | DWH |  INFO | DWH|INFO|Data/sdm-dwh/dwhdb.db|DIM_Date|SUCCESS
2026-05-21 13-51-14 | DWH |  INFO | DWH|INFO|Data/sdm-dwh/dwhdb.db|DIM_sales_branch|SUCCESS
2026-05-21 13-51-14 | DWH |  INFO | DWH|INFO|Data/sdm-dwh/dwhdb.db|DIM_product|SUCCESS
2026-05-21 13-51-14 | DWH |  INFO | DWH|INFO|Data/sdm-dwh/dwhdb.db|DIM_customer_headquarters|SUCCESS
2026-05-21 13-51-14 | DWH |  INFO | DWH|INFO|Data/sdm-dwh/dwhdb.db|DIM_sales_staff|SUCCESS
2026-05-21 13-51-14 | DWH |  INFO | DWH|INFO|Data/sdm-dwh/dwhdb.db|DIM_customer|SUCCESS
2026-05-21 13-51-14 | DWH |  INFO | DWH|INFO|Data/sdm-dwh/dwhdb.db|DIM_retailer_site|SUCCESS
2026-05-21 13-51-14 | DWH |  INFO | DWH|INFO|Data/sdm-dwh/dwhdb.db|FACT_sales_demographic|SUCCESS
2026-05-21 13-51-14 | DWH |  INFO | DWH|INFO|Data/sdm-dwh/dwhdb.db|FACT_order_header|SUCCESS
2026-05-21 13-51-15 | DWH |  INFO | DWH|INFO|Data/sdm-dwh/dwhdb.db|FACT_order_details|SUCCESS
2026-05-21 13-51-15 | DWH |  INFO | DWH|INFO|Data/sdm-dwh/dwhdb.db|FACT_return_details|SUCCESS
2026-05-21 13-51-15 | DWH |  INFO | DWH|INFO|Data/sdm-dwh/dwhdb.db|FACT_product_snapshot|SUCCESS
2026-05-21 13-51-15 | DWH |  INFO | DWH|INFO|Data/sdm-dwh/dwhdb.db|FACT_sales_target|SUCCESS
2026-05-21 13-53-11 | DWH |  INFO | DWH|START POPULATION|Data/sdm-dwh/dwhdb.db
2026-05-21 13-53-11 | DWH |  INFO | DWH|INFO|Data/sdm-dwh/dwhdb.db|DIM_customer_segment|SUCCESS
2026-05-21 13-53-11 | DWH |  INFO | DWH|INFO|Data/sdm-dwh/dwhdb.db|DIM_Month|SUCCESS
2026-05-21 13-53-11 | DWH |  INFO | DWH|INFO|Data/sdm-dwh/dwhdb.db|DIM_country|SUCCESS
2026-05-21 13-53-11 | DWH |  INFO | DWH|INFO|Data/sdm-dwh/dwhdb.db|DIM_Date|SUCCESS
2026-05-21 13-53-11 | DWH |  INFO | DWH|INFO|Data/sdm-dwh/dwhdb.db|DIM_sales_branch|SUCCESS
2026-05-21 13-53-11 | DWH |  INFO | DWH|INFO|Data/sdm-dwh/dwhdb.db|DIM_product|SUCCESS
2026-05-21 13-53-11 | DWH |  INFO | DWH|INFO|Data/sdm-dwh/dwhdb.db|DIM_customer_headquarters|SUCCESS
2026-05-21 13-53-11 | DWH |  INFO | DWH|INFO|Data/sdm-dwh/dwhdb.db|DIM_sales_staff|SUCCESS
2026-05-21 13-53-11 | DWH |  INFO | DWH|INFO|Data/sdm-dwh/dwhdb.db|DIM_customer|SUCCESS
2026-05-21 13-53-11 | DWH |  INFO | DWH|INFO|Data/sdm-dwh/dwhdb.db|DIM_retailer_site|SUCCESS
2026-05-21 13-53-11 | DWH |  INFO | DWH|INFO|Data/sdm-dwh/dwhdb.db|FACT_sales_demographic|SUCCESS
2026-05-21 13-53-11 | DWH |  INFO | DWH|INFO|Data/sdm-dwh/dwhdb.db|FACT_order_header|SUCCESS
2026-05-21 13-53-11 | DWH |  INFO | DWH|INFO|Data/sdm-dwh/dwhdb.db|FACT_order_details|SUCCESS
2026-05-21 13-53-11 | DWH |  INFO | DWH|INFO|Data/sdm-dwh/dwhdb.db|FACT_return_details|SUCCESS
2026-05-21 13-53-11 | DWH |  INFO | DWH|INFO|Data/sdm-dwh/dwhdb.db|FACT_product_snapshot|SUCCESS
2026-05-21 13-53-11 | DWH |  INFO | DWH|INFO|Data/sdm-dwh/dwhdb.db|FACT_sales_target|SUCCESS
2026-05-21 13-53-53 | DWH |  INFO | DWH|START POPULATION|Data/sdm-dwh/dwhdb.db
2026-05-21 13-53-53 | DWH |  INFO | DWH|INFO|Data/sdm-dwh/dwhdb.db|DIM_customer_segment|SUCCESS
2026-05-21 13-53-53 | DWH |  INFO | DWH|INFO|Data/sdm-dwh/dwhdb.db|DIM_Month|SUCCESS
2026-05-21 13-53-53 | DWH |  INFO | DWH|INFO|Data/sdm-dwh/dwhdb.db|DIM_country|SUCCESS
2026-05-21 13-53-53 | DWH |  INFO | DWH|INFO|Data/sdm-dwh/dwhdb.db|DIM_Date|SUCCESS
2026-05-21 13-53-53 | DWH |  INFO | DWH|INFO|Data/sdm-dwh/dwhdb.db|DIM_sales_branch|SUCCESS
2026-05-21 13-53-53 | DWH |  INFO | DWH|INFO|Data/sdm-dwh/dwhdb.db|DIM_product|SUCCESS
2026-05-21 13-53-53 | DWH |  INFO | DWH|INFO|Data/sdm-dwh/dwhdb.db|DIM_customer_headquarters|SUCCESS
2026-05-21 13-53-53 | DWH |  INFO | DWH|INFO|Data/sdm-dwh/dwhdb.db|DIM_sales_staff|SUCCESS
2026-05-21 13-53-53 | DWH |  INFO | DWH|INFO|Data/sdm-dwh/dwhdb.db|DIM_customer|SUCCESS
2026-05-21 13-53-53 | DWH |  INFO | DWH|INFO|Data/sdm-dwh/dwhdb.db|DIM_retailer_site|SUCCESS
2026-05-21 13-53-53 | DWH |  INFO | DWH|INFO|Data/sdm-dwh/dwhdb.db|FACT_sales_demographic|SUCCESS
2026-05-21 13-53-53 | DWH |  INFO | DWH|INFO|Data/sdm-dwh/dwhdb.db|FACT_order_header|SUCCESS
2026-05-21 13-53-53 | DWH |  INFO | DWH|INFO|Data/sdm-dwh/dwhdb.db|FACT_order_details|SUCCESS
2026-05-21 13-53-53 | DWH |  INFO | DWH|INFO|Data/sdm-dwh/dwhdb.db|FACT_return_details|SUCCESS
2026-05-21 13-53-53 | DWH |  INFO | DWH|INFO|Data/sdm-dwh/dwhdb.db|FACT_product_snapshot|SUCCESS
2026-05-21 13-53-53 | DWH |  INFO | DWH|INFO|Data/sdm-dwh/dwhdb.db|FACT_sales_target|SUCCESS
2026-05-21 13-54-22 | DWH |  INFO | DWH|START POPULATION|Data/sdm-dwh/dwhdb.db
2026-05-21 13-54-22 | DWH |  INFO | DWH|INFO|Data/sdm-dwh/dwhdb.db|DIM_customer_segment|SUCCESS
2026-05-21 13-54-22 | DWH |  INFO | DWH|INFO|Data/sdm-dwh/dwhdb.db|DIM_Month|SUCCESS
2026-05-21 13-54-22 | DWH |  INFO | DWH|INFO|Data/sdm-dwh/dwhdb.db|DIM_country|SUCCESS
2026-05-21 13-54-22 | DWH |  INFO | DWH|INFO|Data/sdm-dwh/dwhdb.db|DIM_Date|SUCCESS
2026-05-21 13-54-22 | DWH |  INFO | DWH|INFO|Data/sdm-dwh/dwhdb.db|DIM_sales_branch|SUCCESS
2026-05-21 13-54-22 | DWH |  INFO | DWH|INFO|Data/sdm-dwh/dwhdb.db|DIM_product|SUCCESS
2026-05-21 13-54-22 | DWH |  INFO | DWH|INFO|Data/sdm-dwh/dwhdb.db|DIM_customer_headquarters|SUCCESS
2026-05-21 13-54-22 | DWH |  INFO | DWH|INFO|Data/sdm-dwh/dwhdb.db|DIM_sales_staff|SUCCESS
2026-05-21 13-54-22 | DWH |  INFO | DWH|INFO|Data/sdm-dwh/dwhdb.db|DIM_customer|SUCCESS
2026-05-21 13-54-22 | DWH |  INFO | DWH|INFO|Data/sdm-dwh/dwhdb.db|DIM_retailer_site|SUCCESS
2026-05-21 13-54-22 | DWH |  INFO | DWH|INFO|Data/sdm-dwh/dwhdb.db|FACT_sales_demographic|SUCCESS
2026-05-21 13-54-22 | DWH |  INFO | DWH|INFO|Data/sdm-dwh/dwhdb.db|FACT_order_header|SUCCESS
2026-05-21 13-54-22 | DWH |  INFO | DWH|INFO|Data/sdm-dwh/dwhdb.db|FACT_order_details|SUCCESS
2026-05-21 13-54-22 | DWH |  INFO | DWH|INFO|Data/sdm-dwh/dwhdb.db|FACT_return_details|SUCCESS
2026-05-21 13-54-22 | DWH |  INFO | DWH|INFO|Data/sdm-dwh/dwhdb.db|FACT_product_snapshot|SUCCESS
2026-05-21 13-54-22 | DWH |  INFO | DWH|INFO|Data/sdm-dwh/dwhdb.db|FACT_sales_target|SUCCESS
2026-05-21 14-16-02 | DWH |  INFO | DWH|START POPULATION|Data/sdm-dwh/dwhdb.db
2026-05-21 14-16-02 | DWH |  INFO | DWH|INFO|Data/sdm-dwh/dwhdb.db|DIM_customer_segment|SUCCESS
2026-05-21 14-16-02 | DWH |  INFO | DWH|INFO|Data/sdm-dwh/dwhdb.db|DIM_Month|SUCCESS
2026-05-21 14-16-02 | DWH |  INFO | DWH|INFO|Data/sdm-dwh/dwhdb.db|DIM_country|SUCCESS
2026-05-21 14-16-02 | DWH |  INFO | DWH|INFO|Data/sdm-dwh/dwhdb.db|DIM_Date|SUCCESS
2026-05-21 14-16-02 | DWH |  INFO | DWH|INFO|Data/sdm-dwh/dwhdb.db|DIM_sales_branch|SUCCESS
2026-05-21 14-16-02 | DWH |  INFO | DWH|INFO|Data/sdm-dwh/dwhdb.db|DIM_product|SUCCESS
2026-05-21 14-16-02 | DWH |  INFO | DWH|INFO|Data/sdm-dwh/dwhdb.db|DIM_customer_headquarters|SUCCESS
2026-05-21 14-16-02 | DWH |  INFO | DWH|INFO|Data/sdm-dwh/dwhdb.db|DIM_sales_staff|SUCCESS
2026-05-21 14-16-02 | DWH |  INFO | DWH|INFO|Data/sdm-dwh/dwhdb.db|DIM_customer|SUCCESS
2026-05-21 14-16-02 | DWH |  INFO | DWH|INFO|Data/sdm-dwh/dwhdb.db|DIM_retailer_site|SUCCESS
2026-05-21 14-16-02 | DWH |  INFO | DWH|INFO|Data/sdm-dwh/dwhdb.db|FACT_sales_demographic|SUCCESS
2026-05-21 14-16-02 | DWH |  INFO | DWH|INFO|Data/sdm-dwh/dwhdb.db|FACT_order_header|SUCCESS
2026-05-21 14-16-03 | DWH |  INFO | DWH|INFO|Data/sdm-dwh/dwhdb.db|FACT_order_details|SUCCESS
2026-05-21 14-16-03 | DWH |  INFO | DWH|INFO|Data/sdm-dwh/dwhdb.db|FACT_return_details|SUCCESS
2026-05-21 14-16-03 | DWH |  INFO | DWH|INFO|Data/sdm-dwh/dwhdb.db|FACT_product_snapshot|SUCCESS
2026-05-21 14-16-03 | DWH |  INFO | DWH|INFO|Data/sdm-dwh/dwhdb.db|FACT_sales_target|SUCCESS
2026-05-21 14-17-36 | DWH |  INFO | DWH|START POPULATION|Data/sdm-dwh/dwhdb.db
2026-05-21 14-17-36 | DWH |  INFO | DWH|INFO|Data/sdm-dwh/dwhdb.db|DIM_customer_segment|SUCCESS
2026-05-21 14-17-36 | DWH |  INFO | DWH|INFO|Data/sdm-dwh/dwhdb.db|DIM_Month|SUCCESS
2026-05-21 14-17-36 | DWH |  INFO | DWH|INFO|Data/sdm-dwh/dwhdb.db|DIM_country|SUCCESS
2026-05-21 14-17-36 | DWH |  INFO | DWH|INFO|Data/sdm-dwh/dwhdb.db|DIM_Date|SUCCESS
2026-05-21 14-17-36 | DWH |  INFO | DWH|INFO|Data/sdm-dwh/dwhdb.db|DIM_sales_branch|SUCCESS
2026-05-21 14-17-36 | DWH |  INFO | DWH|INFO|Data/sdm-dwh/dwhdb.db|DIM_product|SUCCESS
2026-05-21 14-17-36 | DWH |  INFO | DWH|INFO|Data/sdm-dwh/dwhdb.db|DIM_customer_headquarters|SUCCESS
2026-05-21 14-17-36 | DWH |  INFO | DWH|INFO|Data/sdm-dwh/dwhdb.db|DIM_sales_staff|SUCCESS
2026-05-21 14-17-36 | DWH |  INFO | DWH|INFO|Data/sdm-dwh/dwhdb.db|DIM_customer|SUCCESS
2026-05-21 14-17-36 | DWH |  INFO | DWH|INFO|Data/sdm-dwh/dwhdb.db|DIM_retailer_site|SUCCESS
2026-05-21 14-17-36 | DWH |  INFO | DWH|INFO|Data/sdm-dwh/dwhdb.db|FACT_sales_demographic|SUCCESS
2026-05-21 14-17-36 | DWH |  INFO | DWH|INFO|Data/sdm-dwh/dwhdb.db|FACT_order_header|SUCCESS
2026-05-21 14-17-37 | DWH |  INFO | DWH|INFO|Data/sdm-dwh/dwhdb.db|FACT_order_details|SUCCESS
2026-05-21 14-17-37 | DWH |  INFO | DWH|INFO|Data/sdm-dwh/dwhdb.db|FACT_return_details|SUCCESS
2026-05-21 14-17-37 | DWH |  INFO | DWH|INFO|Data/sdm-dwh/dwhdb.db|FACT_product_snapshot|SUCCESS
2026-05-21 14-17-37 | DWH |  INFO | DWH|INFO|Data/sdm-dwh/dwhdb.db|FACT_sales_target|SUCCESS
2026-05-21 14-18-48 | DWH |  INFO | DWH|START POPULATION|Data/sdm-dwh/dwhdb.db
2026-05-21 14-18-48 | DWH |  INFO | DWH|INFO|Data/sdm-dwh/dwhdb.db|DIM_customer_segment|SUCCESS
2026-05-21 14-18-48 | DWH |  INFO | DWH|INFO|Data/sdm-dwh/dwhdb.db|DIM_Month|SUCCESS
2026-05-21 14-18-48 | DWH |  INFO | DWH|INFO|Data/sdm-dwh/dwhdb.db|DIM_country|SUCCESS
2026-05-21 14-18-48 | DWH |  INFO | DWH|INFO|Data/sdm-dwh/dwhdb.db|DIM_Date|SUCCESS
2026-05-21 14-18-48 | DWH |  INFO | DWH|INFO|Data/sdm-dwh/dwhdb.db|DIM_sales_branch|SUCCESS
2026-05-21 14-18-48 | DWH |  INFO | DWH|INFO|Data/sdm-dwh/dwhdb.db|DIM_product|SUCCESS
2026-05-21 14-18-48 | DWH |  INFO | DWH|INFO|Data/sdm-dwh/dwhdb.db|DIM_customer_headquarters|SUCCESS
2026-05-21 14-18-48 | DWH |  INFO | DWH|INFO|Data/sdm-dwh/dwhdb.db|DIM_sales_staff|SUCCESS
2026-05-21 14-18-48 | DWH |  INFO | DWH|INFO|Data/sdm-dwh/dwhdb.db|DIM_customer|SUCCESS
2026-05-21 14-18-48 | DWH |  INFO | DWH|INFO|Data/sdm-dwh/dwhdb.db|DIM_retailer_site|SUCCESS
2026-05-21 14-18-48 | DWH |  INFO | DWH|INFO|Data/sdm-dwh/dwhdb.db|FACT_sales_demographic|SUCCESS
2026-05-21 14-18-48 | DWH |  INFO | DWH|INFO|Data/sdm-dwh/dwhdb.db|FACT_order_header|SUCCESS
2026-05-21 14-18-48 | DWH |  INFO | DWH|INFO|Data/sdm-dwh/dwhdb.db|FACT_order_details|SUCCESS
2026-05-21 14-18-48 | DWH |  INFO | DWH|INFO|Data/sdm-dwh/dwhdb.db|FACT_return_details|SUCCESS
2026-05-21 14-18-48 | DWH |  INFO | DWH|INFO|Data/sdm-dwh/dwhdb.db|FACT_product_snapshot|SUCCESS
2026-05-21 14-18-48 | DWH |  INFO | DWH|INFO|Data/sdm-dwh/dwhdb.db|FACT_sales_target|SUCCESS
2026-05-21 14-33-20 | DWH |  INFO | DWH|START POPULATION|Data/sdm-dwh/dwhdb.db
2026-05-21 14-33-20 | DWH |  INFO | DWH|INFO|Data/sdm-dwh/dwhdb.db|DIM_customer_segment|SUCCESS
2026-05-21 14-33-20 | DWH |  INFO | DWH|INFO|Data/sdm-dwh/dwhdb.db|DIM_Month|SUCCESS
2026-05-21 14-33-20 | DWH |  INFO | DWH|INFO|Data/sdm-dwh/dwhdb.db|DIM_country|SUCCESS
2026-05-21 14-33-20 | DWH |  INFO | DWH|INFO|Data/sdm-dwh/dwhdb.db|DIM_Date|SUCCESS
2026-05-21 14-33-20 | DWH |  INFO | DWH|INFO|Data/sdm-dwh/dwhdb.db|DIM_sales_branch|SUCCESS
2026-05-21 14-33-20 | DWH |  INFO | DWH|INFO|Data/sdm-dwh/dwhdb.db|DIM_product|SUCCESS
2026-05-21 14-33-20 | DWH |  INFO | DWH|INFO|Data/sdm-dwh/dwhdb.db|DIM_customer_headquarters|SUCCESS
2026-05-21 14-33-20 | DWH |  INFO | DWH|INFO|Data/sdm-dwh/dwhdb.db|DIM_sales_staff|SUCCESS
2026-05-21 14-33-20 | DWH |  INFO | DWH|INFO|Data/sdm-dwh/dwhdb.db|DIM_customer|SUCCESS
2026-05-21 14-33-20 | DWH |  INFO | DWH|INFO|Data/sdm-dwh/dwhdb.db|DIM_retailer_site|SUCCESS
2026-05-21 14-33-20 | DWH |  INFO | DWH|INFO|Data/sdm-dwh/dwhdb.db|FACT_sales_demographic|SUCCESS
2026-05-21 14-33-20 | DWH |  INFO | DWH|INFO|Data/sdm-dwh/dwhdb.db|FACT_order_header|SUCCESS
2026-05-21 14-33-20 | DWH |  INFO | DWH|INFO|Data/sdm-dwh/dwhdb.db|FACT_order_details|SUCCESS
2026-05-21 14-33-20 | DWH |  INFO | DWH|INFO|Data/sdm-dwh/dwhdb.db|FACT_return_details|SUCCESS
2026-05-21 14-33-20 | DWH |  INFO | DWH|INFO|Data/sdm-dwh/dwhdb.db|FACT_product_snapshot|SUCCESS
2026-05-21 14-33-20 | DWH |  INFO | DWH|INFO|Data/sdm-dwh/dwhdb.db|FACT_sales_target|SUCCESS
2026-05-21 14-33-37 | DWH |  INFO | DWH|START POPULATION|Data/sdm-dwh/dwhdb.db
2026-05-21 14-33-37 | DWH |  INFO | DWH|INFO|Data/sdm-dwh/dwhdb.db|DIM_customer_segment|SUCCESS
2026-05-21 14-33-37 | DWH |  INFO | DWH|INFO|Data/sdm-dwh/dwhdb.db|DIM_Month|SUCCESS
2026-05-21 14-33-37 | DWH |  INFO | DWH|INFO|Data/sdm-dwh/dwhdb.db|DIM_country|SUCCESS
2026-05-21 14-33-37 | DWH |  INFO | DWH|INFO|Data/sdm-dwh/dwhdb.db|DIM_Date|SUCCESS
2026-05-21 14-33-37 | DWH |  INFO | DWH|INFO|Data/sdm-dwh/dwhdb.db|DIM_sales_branch|SUCCESS
2026-05-21 14-33-37 | DWH |  INFO | DWH|INFO|Data/sdm-dwh/dwhdb.db|DIM_product|SUCCESS
2026-05-21 14-33-37 | DWH |  INFO | DWH|INFO|Data/sdm-dwh/dwhdb.db|DIM_customer_headquarters|SUCCESS
2026-05-21 14-33-37 | DWH |  INFO | DWH|INFO|Data/sdm-dwh/dwhdb.db|DIM_sales_staff|SUCCESS
2026-05-21 14-33-37 | DWH |  INFO | DWH|INFO|Data/sdm-dwh/dwhdb.db|DIM_customer|SUCCESS
2026-05-21 14-33-37 | DWH |  INFO | DWH|INFO|Data/sdm-dwh/dwhdb.db|DIM_retailer_site|SUCCESS
2026-05-21 14-33-37 | DWH |  INFO | DWH|INFO|Data/sdm-dwh/dwhdb.db|FACT_sales_demographic|SUCCESS
2026-05-21 14-33-37 | DWH |  INFO | DWH|INFO|Data/sdm-dwh/dwhdb.db|FACT_order_header|SUCCESS
2026-05-21 14-33-37 | DWH |  INFO | DWH|INFO|Data/sdm-dwh/dwhdb.db|FACT_order_details|SUCCESS
2026-05-21 14-33-37 | DWH |  INFO | DWH|INFO|Data/sdm-dwh/dwhdb.db|FACT_return_details|SUCCESS
2026-05-21 14-33-37 | DWH |  INFO | DWH|INFO|Data/sdm-dwh/dwhdb.db|FACT_product_snapshot|SUCCESS
2026-05-21 14-33-37 | DWH |  INFO | DWH|INFO|Data/sdm-dwh/dwhdb.db|FACT_sales_target|SUCCESS
2026-05-21 14-35-41 | DWH |  INFO | DWH|START POPULATION|Data/sdm-dwh/dwhdb.db
2026-05-21 14-35-41 | DWH |  INFO | DWH|INFO|Data/sdm-dwh/dwhdb.db|DIM_customer_segment|SUCCESS
2026-05-21 14-35-41 | DWH |  INFO | DWH|INFO|Data/sdm-dwh/dwhdb.db|DIM_Month|SUCCESS
2026-05-21 14-35-41 | DWH |  INFO | DWH|INFO|Data/sdm-dwh/dwhdb.db|DIM_country|SUCCESS
2026-05-21 14-35-41 | DWH |  INFO | DWH|INFO|Data/sdm-dwh/dwhdb.db|DIM_Date|SUCCESS
2026-05-21 14-35-41 | DWH |  INFO | DWH|INFO|Data/sdm-dwh/dwhdb.db|DIM_sales_branch|SUCCESS
2026-05-21 14-35-41 | DWH |  INFO | DWH|INFO|Data/sdm-dwh/dwhdb.db|DIM_product|SUCCESS
2026-05-21 14-35-41 | DWH |  INFO | DWH|INFO|Data/sdm-dwh/dwhdb.db|DIM_customer_headquarters|SUCCESS
2026-05-21 14-35-41 | DWH |  INFO | DWH|INFO|Data/sdm-dwh/dwhdb.db|DIM_sales_staff|SUCCESS
2026-05-21 14-35-41 | DWH |  INFO | DWH|INFO|Data/sdm-dwh/dwhdb.db|DIM_customer|SUCCESS
2026-05-21 14-35-41 | DWH |  INFO | DWH|INFO|Data/sdm-dwh/dwhdb.db|DIM_retailer_site|SUCCESS
2026-05-21 14-35-41 | DWH |  INFO | DWH|INFO|Data/sdm-dwh/dwhdb.db|FACT_sales_demographic|SUCCESS
2026-05-21 14-35-41 | DWH |  INFO | DWH|INFO|Data/sdm-dwh/dwhdb.db|FACT_order_header|SUCCESS
2026-05-21 14-35-42 | DWH |  INFO | DWH|INFO|Data/sdm-dwh/dwhdb.db|FACT_order_details|SUCCESS
2026-05-21 14-35-42 | DWH |  INFO | DWH|INFO|Data/sdm-dwh/dwhdb.db|FACT_return_details|SUCCESS
2026-05-21 14-35-42 | DWH |  INFO | DWH|INFO|Data/sdm-dwh/dwhdb.db|FACT_product_snapshot|SUCCESS
2026-05-21 14-35-42 | DWH |  INFO | DWH|INFO|Data/sdm-dwh/dwhdb.db|FACT_sales_target|SUCCESS
2026-05-21 14-47-22 | DWH |  INFO | DWH|START POPULATION|Data/sdm-dwh/dwhdb.db
2026-05-21 14-47-22 | DWH |  INFO | DWH|INFO|Data/sdm-dwh/dwhdb.db|DIM_customer_segment|SUCCESS
2026-05-21 14-47-22 | DWH |  INFO | DWH|INFO|Data/sdm-dwh/dwhdb.db|DIM_Month|SUCCESS
2026-05-21 14-47-22 | DWH |  INFO | DWH|INFO|Data/sdm-dwh/dwhdb.db|DIM_country|SUCCESS
2026-05-21 14-47-22 | DWH |  INFO | DWH|INFO|Data/sdm-dwh/dwhdb.db|DIM_Date|SUCCESS
2026-05-21 14-47-22 | DWH |  INFO | DWH|INFO|Data/sdm-dwh/dwhdb.db|DIM_sales_branch|SUCCESS
2026-05-21 14-47-22 | DWH |  INFO | DWH|INFO|Data/sdm-dwh/dwhdb.db|DIM_product|SUCCESS
2026-05-21 14-47-22 | DWH |  INFO | DWH|INFO|Data/sdm-dwh/dwhdb.db|DIM_customer_headquarters|SUCCESS
2026-05-21 14-47-22 | DWH |  INFO | DWH|INFO|Data/sdm-dwh/dwhdb.db|DIM_sales_staff|SUCCESS
2026-05-21 14-47-22 | DWH |  INFO | DWH|INFO|Data/sdm-dwh/dwhdb.db|DIM_customer|SUCCESS
2026-05-21 14-47-22 | DWH |  INFO | DWH|INFO|Data/sdm-dwh/dwhdb.db|DIM_retailer_site|SUCCESS
2026-05-21 14-47-22 | DWH |  INFO | DWH|INFO|Data/sdm-dwh/dwhdb.db|FACT_sales_demographic|SUCCESS
2026-05-21 14-47-22 | DWH |  INFO | DWH|INFO|Data/sdm-dwh/dwhdb.db|FACT_order_header|SUCCESS
2026-05-21 14-47-23 | DWH |  INFO | DWH|INFO|Data/sdm-dwh/dwhdb.db|FACT_order_details|SUCCESS
2026-05-21 14-47-23 | DWH |  INFO | DWH|INFO|Data/sdm-dwh/dwhdb.db|FACT_return_details|SUCCESS
2026-05-21 14-47-23 | DWH |  INFO | DWH|INFO|Data/sdm-dwh/dwhdb.db|FACT_product_snapshot|SUCCESS
2026-05-21 14-47-23 | DWH |  INFO | DWH|INFO|Data/sdm-dwh/dwhdb.db|FACT_sales_target|SUCCESS
2026-05-21 14-50-03 | DWH |  INFO | DWH|START POPULATION|Data/sdm-dwh/dwhdb.db
2026-05-21 14-50-03 | DWH |  INFO | DWH|INFO|Data/sdm-dwh/dwhdb.db|DIM_customer_segment|SUCCESS
2026-05-21 14-50-03 | DWH |  INFO | DWH|INFO|Data/sdm-dwh/dwhdb.db|DIM_Month|SUCCESS
2026-05-21 14-50-03 | DWH |  INFO | DWH|INFO|Data/sdm-dwh/dwhdb.db|DIM_country|SUCCESS
2026-05-21 14-50-03 | DWH |  INFO | DWH|INFO|Data/sdm-dwh/dwhdb.db|DIM_Date|SUCCESS
2026-05-21 14-50-03 | DWH |  INFO | DWH|INFO|Data/sdm-dwh/dwhdb.db|DIM_sales_branch|SUCCESS
2026-05-21 14-50-03 | DWH |  INFO | DWH|INFO|Data/sdm-dwh/dwhdb.db|DIM_product|SUCCESS
2026-05-21 14-50-03 | DWH |  INFO | DWH|INFO|Data/sdm-dwh/dwhdb.db|DIM_customer_headquarters|SUCCESS
2026-05-21 14-50-03 | DWH |  ERROR | DWH|ERROR|Data/sdm-dwh/dwhdb.db|DIM_sales_staff|table DIM_sales_staff has no column named SATISFACTION_YEAR
2026-05-21 14-50-10 | DWH |  INFO | DWH|START POPULATION|Data/sdm-dwh/dwhdb.db
2026-05-21 14-50-10 | DWH |  INFO | DWH|INFO|Data/sdm-dwh/dwhdb.db|DIM_customer_segment|SUCCESS
2026-05-21 14-50-10 | DWH |  INFO | DWH|INFO|Data/sdm-dwh/dwhdb.db|DIM_Month|SUCCESS
2026-05-21 14-50-10 | DWH |  INFO | DWH|INFO|Data/sdm-dwh/dwhdb.db|DIM_country|SUCCESS
2026-05-21 14-50-10 | DWH |  INFO | DWH|INFO|Data/sdm-dwh/dwhdb.db|DIM_Date|SUCCESS
2026-05-21 14-50-10 | DWH |  INFO | DWH|INFO|Data/sdm-dwh/dwhdb.db|DIM_sales_branch|SUCCESS
2026-05-21 14-50-10 | DWH |  INFO | DWH|INFO|Data/sdm-dwh/dwhdb.db|DIM_product|SUCCESS
2026-05-21 14-50-10 | DWH |  INFO | DWH|INFO|Data/sdm-dwh/dwhdb.db|DIM_customer_headquarters|SUCCESS
2026-05-21 14-50-10 | DWH |  ERROR | DWH|ERROR|Data/sdm-dwh/dwhdb.db|DIM_sales_staff|table DIM_sales_staff has no column named SATISFACTION_YEAR
2026-05-21 14-50-28 | DWH |  INFO | DWH|START POPULATION|Data/sdm-dwh/dwhdb.db
2026-05-21 14-50-28 | DWH |  INFO | DWH|INFO|Data/sdm-dwh/dwhdb.db|DIM_customer_segment|SUCCESS
2026-05-21 14-50-28 | DWH |  INFO | DWH|INFO|Data/sdm-dwh/dwhdb.db|DIM_Month|SUCCESS
2026-05-21 14-50-28 | DWH |  INFO | DWH|INFO|Data/sdm-dwh/dwhdb.db|DIM_country|SUCCESS
2026-05-21 14-50-28 | DWH |  INFO | DWH|INFO|Data/sdm-dwh/dwhdb.db|DIM_Date|SUCCESS
2026-05-21 14-50-28 | DWH |  INFO | DWH|INFO|Data/sdm-dwh/dwhdb.db|DIM_sales_branch|SUCCESS
2026-05-21 14-50-28 | DWH |  INFO | DWH|INFO|Data/sdm-dwh/dwhdb.db|DIM_product|SUCCESS
2026-05-21 14-50-28 | DWH |  INFO | DWH|INFO|Data/sdm-dwh/dwhdb.db|DIM_customer_headquarters|SUCCESS
2026-05-21 14-50-28 | DWH |  ERROR | DWH|ERROR|Data/sdm-dwh/dwhdb.db|DIM_sales_staff|table DIM_sales_staff has no column named SATISFACTION_YEAR
2026-05-21 14-53-30 | DWH |  INFO | DWH|START POPULATION|Data/sdm-dwh/dwhdb.db
2026-05-21 14-53-30 | DWH |  INFO | DWH|INFO|Data/sdm-dwh/dwhdb.db|DIM_customer_segment|SUCCESS
2026-05-21 14-53-30 | DWH |  INFO | DWH|INFO|Data/sdm-dwh/dwhdb.db|DIM_Month|SUCCESS
2026-05-21 14-53-30 | DWH |  INFO | DWH|INFO|Data/sdm-dwh/dwhdb.db|DIM_country|SUCCESS
2026-05-21 14-53-30 | DWH |  INFO | DWH|INFO|Data/sdm-dwh/dwhdb.db|DIM_Date|SUCCESS
2026-05-21 14-53-30 | DWH |  INFO | DWH|INFO|Data/sdm-dwh/dwhdb.db|DIM_sales_branch|SUCCESS
2026-05-21 14-53-30 | DWH |  INFO | DWH|INFO|Data/sdm-dwh/dwhdb.db|DIM_product|SUCCESS
2026-05-21 14-53-30 | DWH |  INFO | DWH|INFO|Data/sdm-dwh/dwhdb.db|DIM_customer_headquarters|SUCCESS
2026-05-21 14-53-30 | DWH |  ERROR | DWH|ERROR|Data/sdm-dwh/dwhdb.db|DIM_sales_staff|table DIM_sales_staff has no column named SATISFACTION_YEAR
2026-05-21 14-53-46 | DWH |  INFO | DWH|START POPULATION|Data/sdm-dwh/dwhdb.db
2026-05-21 14-53-46 | DWH |  INFO | DWH|INFO|Data/sdm-dwh/dwhdb.db|DIM_customer_segment|SUCCESS
2026-05-21 14-53-46 | DWH |  INFO | DWH|INFO|Data/sdm-dwh/dwhdb.db|DIM_Month|SUCCESS
2026-05-21 14-53-46 | DWH |  INFO | DWH|INFO|Data/sdm-dwh/dwhdb.db|DIM_country|SUCCESS
2026-05-21 14-53-46 | DWH |  INFO | DWH|INFO|Data/sdm-dwh/dwhdb.db|DIM_Date|SUCCESS
2026-05-21 14-53-46 | DWH |  INFO | DWH|INFO|Data/sdm-dwh/dwhdb.db|DIM_sales_branch|SUCCESS
2026-05-21 14-53-46 | DWH |  INFO | DWH|INFO|Data/sdm-dwh/dwhdb.db|DIM_product|SUCCESS
2026-05-21 14-53-46 | DWH |  INFO | DWH|INFO|Data/sdm-dwh/dwhdb.db|DIM_customer_headquarters|SUCCESS
2026-05-21 14-53-46 | DWH |  INFO | DWH|INFO|Data/sdm-dwh/dwhdb.db|DIM_sales_staff|SUCCESS
2026-05-21 14-53-46 | DWH |  INFO | DWH|INFO|Data/sdm-dwh/dwhdb.db|DIM_customer|SUCCESS
2026-05-21 14-53-46 | DWH |  INFO | DWH|INFO|Data/sdm-dwh/dwhdb.db|DIM_retailer_site|SUCCESS
2026-05-21 14-53-46 | DWH |  INFO | DWH|INFO|Data/sdm-dwh/dwhdb.db|FACT_sales_demographic|SUCCESS
2026-05-21 14-53-46 | DWH |  INFO | DWH|INFO|Data/sdm-dwh/dwhdb.db|FACT_order_header|SUCCESS
2026-05-21 14-53-46 | DWH |  INFO | DWH|INFO|Data/sdm-dwh/dwhdb.db|FACT_order_details|SUCCESS
2026-05-21 14-53-46 | DWH |  INFO | DWH|INFO|Data/sdm-dwh/dwhdb.db|FACT_return_details|SUCCESS
2026-05-21 14-53-46 | DWH |  INFO | DWH|INFO|Data/sdm-dwh/dwhdb.db|FACT_product_snapshot|SUCCESS
2026-05-21 14-53-47 | DWH |  INFO | DWH|INFO|Data/sdm-dwh/dwhdb.db|FACT_sales_target|SUCCESS
