2026-05-13 13-29-59 | DWH |  INFO | SDM|RESET_SDM_START|Data/SDM.db|||||START
2026-05-13 13-29-59 | DWH |  INFO | SDM|READ|Data/SDM.db|age_group|||SUCCESS
2026-05-13 13-29-59 | DWH |  INFO | SDM|READ|Data/SDM.db|customer_segment|||SUCCESS
2026-05-13 13-29-59 | DWH |  INFO | SDM|READ|Data/SDM.db|customer_type|||SUCCESS
2026-05-13 13-29-59 | DWH |  INFO | SDM|READ|Data/SDM.db|sales_territory|||SUCCESS
2026-05-13 13-29-59 | DWH |  INFO | SDM|READ|Data/SDM.db|crm_country|||SUCCESS
2026-05-13 13-29-59 | DWH |  INFO | SDM|READ|Data/SDM.db|customer_headquarters|||SUCCESS
2026-05-13 13-29-59 | DWH |  INFO | SDM|READ|Data/SDM.db|sales_demographic|||SUCCESS
2026-05-13 13-29-59 | DWH |  INFO | SDM|READ|Data/SDM.db|customer|||SUCCESS
2026-05-13 13-29-59 | DWH |  INFO | SDM|READ|Data/SDM.db|customer_store|||SUCCESS
2026-05-13 13-29-59 | DWH |  INFO | SDM|READ|Data/SDM.db|customer_contact|||SUCCESS
2026-05-13 13-29-59 | DWH |  INFO | SDM|READ|Data/SDM.db|product_line|||SUCCESS
2026-05-13 13-29-59 | DWH |  INFO | SDM|READ|Data/SDM.db|product_type|||SUCCESS
2026-05-13 13-29-59 | DWH |  INFO | SDM|READ|Data/SDM.db|product|||SUCCESS
2026-05-13 13-29-59 | DWH |  INFO | SDM|READ|Data/SDM.db|go_sales_country|||SUCCESS
2026-05-13 13-29-59 | DWH |  INFO | SDM|READ|Data/SDM.db|retailer_site|||SUCCESS
2026-05-13 13-29-59 | DWH |  INFO | SDM|READ|Data/SDM.db|sales_branch|||SUCCESS
2026-05-13 13-29-59 | DWH |  INFO | SDM|READ|Data/SDM.db|order_method|||SUCCESS
2026-05-13 13-29-59 | DWH |  INFO | SDM|READ|Data/SDM.db|sales_staff|||SUCCESS
2026-05-13 13-29-59 | DWH |  INFO | SDM|READ|Data/SDM.db|order_header|||SUCCESS
2026-05-13 13-29-59 | DWH |  INFO | SDM|READ|Data/SDM.db|return_reason|||SUCCESS
2026-05-13 13-29-59 | DWH |  INFO | SDM|READ|Data/SDM.db|order_details|||SUCCESS
2026-05-13 13-29-59 | DWH |  INFO | SDM|READ|Data/SDM.db|returned_item|||SUCCESS
2026-05-13 13-29-59 | DWH |  INFO | SDM|READ|Data/SDM.db|sales_office|||SUCCESS
2026-05-13 13-29-59 | DWH |  INFO | SDM|READ|Data/SDM.db|sales_representative|||SUCCESS
2026-05-13 13-29-59 | DWH |  INFO | SDM|READ|Data/SDM.db|satisfaction_type|||SUCCESS
2026-05-13 13-29-59 | DWH |  INFO | SDM|READ|Data/SDM.db|satisfaction|||SUCCESS
2026-05-13 13-29-59 | DWH |  INFO | SDM|READ|Data/SDM.db|course|||SUCCESS
2026-05-13 13-29-59 | DWH |  INFO | SDM|READ|Data/SDM.db|training|||SUCCESS
2026-05-13 13-29-59 | DWH |  INFO | SDM|READ|Data/SDM.db|inventory_level|||SUCCESS
2026-05-13 13-29-59 | DWH |  INFO | SDM|READ|Data/SDM.db|product_forecast|||SUCCESS
2026-05-13 13-29-59 | DWH |  INFO | SDM|READ|Data/SDM.db|sales_target|||SUCCESS
2026-05-13 13-29-59 | DWH |  INFO | SDM|LOAD_SDM_END|Data/SDM.db|||||END
2026-05-13 13-29-59 | DWH |  INFO | SDM|RESET_SDM_END|%s|||||END
2026-05-15 23-20-22 | DWH |  INFO | SDM|RESET_SDM_START|Data/SDM.db|||||START
2026-05-15 23-20-22 | DWH |  INFO | SDM|READ|Data/SDM.db|age_group|||SUCCESS
2026-05-15 23-20-22 | DWH |  INFO | SDM|READ|Data/SDM.db|customer_segment|||SUCCESS
2026-05-15 23-20-22 | DWH |  INFO | SDM|READ|Data/SDM.db|customer_type|||SUCCESS
2026-05-15 23-20-22 | DWH |  INFO | SDM|READ|Data/SDM.db|sales_territory|||SUCCESS
2026-05-15 23-20-22 | DWH |  INFO | SDM|READ|Data/SDM.db|crm_country|||SUCCESS
2026-05-15 23-20-22 | DWH |  INFO | SDM|READ|Data/SDM.db|customer_headquarters|||SUCCESS
2026-05-15 23-20-22 | DWH |  INFO | SDM|READ|Data/SDM.db|sales_demographic|||SUCCESS
2026-05-15 23-20-22 | DWH |  INFO | SDM|READ|Data/SDM.db|customer|||SUCCESS
2026-05-15 23-20-22 | DWH |  INFO | SDM|READ|Data/SDM.db|customer_store|||SUCCESS
2026-05-15 23-20-22 | DWH |  INFO | SDM|READ|Data/SDM.db|customer_contact|||SUCCESS
2026-05-15 23-20-22 | DWH |  INFO | SDM|READ|Data/SDM.db|product_line|||SUCCESS
2026-05-15 23-20-22 | DWH |  INFO | SDM|READ|Data/SDM.db|product_type|||SUCCESS
2026-05-15 23-20-22 | DWH |  INFO | SDM|READ|Data/SDM.db|product|||SUCCESS
2026-05-15 23-20-23 | DWH |  INFO | SDM|READ|Data/SDM.db|go_sales_country|||SUCCESS
2026-05-15 23-20-23 | DWH |  INFO | SDM|READ|Data/SDM.db|retailer_site|||SUCCESS
2026-05-15 23-20-23 | DWH |  INFO | SDM|READ|Data/SDM.db|sales_branch|||SUCCESS
2026-05-15 23-20-23 | DWH |  INFO | SDM|READ|Data/SDM.db|order_method|||SUCCESS
2026-05-15 23-20-23 | DWH |  INFO | SDM|READ|Data/SDM.db|sales_staff|||SUCCESS
2026-05-15 23-20-23 | DWH |  INFO | SDM|READ|Data/SDM.db|order_header|||SUCCESS
2026-05-15 23-20-23 | DWH |  INFO | SDM|READ|Data/SDM.db|return_reason|||SUCCESS
2026-05-15 23-20-23 | DWH |  INFO | SDM|READ|Data/SDM.db|order_details|||SUCCESS
2026-05-15 23-20-23 | DWH |  INFO | SDM|READ|Data/SDM.db|returned_item|||SUCCESS
2026-05-15 23-20-23 | DWH |  INFO | SDM|READ|Data/SDM.db|sales_office|||SUCCESS
2026-05-15 23-20-23 | DWH |  INFO | SDM|READ|Data/SDM.db|sales_representative|||SUCCESS
2026-05-15 23-20-23 | DWH |  INFO | SDM|READ|Data/SDM.db|satisfaction_type|||SUCCESS
2026-05-15 23-20-23 | DWH |  INFO | SDM|READ|Data/SDM.db|satisfaction|||SUCCESS
2026-05-15 23-20-23 | DWH |  INFO | SDM|READ|Data/SDM.db|course|||SUCCESS
2026-05-15 23-20-23 | DWH |  INFO | SDM|READ|Data/SDM.db|training|||SUCCESS
2026-05-15 23-20-23 | DWH |  INFO | SDM|READ|Data/SDM.db|inventory_level|||SUCCESS
2026-05-15 23-20-23 | DWH |  INFO | SDM|READ|Data/SDM.db|product_forecast|||SUCCESS
2026-05-15 23-20-23 | DWH |  INFO | SDM|READ|Data/SDM.db|sales_target|||SUCCESS
2026-05-15 23-20-23 | DWH |  INFO | SDM|LOAD_SDM_END|Data/SDM.db|||||END
2026-05-15 23-20-23 | DWH |  INFO | SDM|RESET_SDM_END|%s|||||END
2026-05-15 23-22-46 | DWH |  INFO | SDM|RESET_SDM_START|Data/SDM.db|||||START
2026-05-15 23-22-46 | DWH |  INFO | SDM|READ|Data/SDM.db|age_group|||SUCCESS
2026-05-15 23-22-46 | DWH |  INFO | SDM|READ|Data/SDM.db|customer_segment|||SUCCESS
2026-05-15 23-22-46 | DWH |  INFO | SDM|READ|Data/SDM.db|customer_type|||SUCCESS
2026-05-15 23-22-46 | DWH |  INFO | SDM|READ|Data/SDM.db|sales_territory|||SUCCESS
2026-05-15 23-22-46 | DWH |  INFO | SDM|READ|Data/SDM.db|crm_country|||SUCCESS
2026-05-15 23-22-46 | DWH |  INFO | SDM|READ|Data/SDM.db|customer_headquarters|||SUCCESS
2026-05-15 23-22-46 | DWH |  INFO | SDM|READ|Data/SDM.db|sales_demographic|||SUCCESS
2026-05-15 23-22-46 | DWH |  INFO | SDM|READ|Data/SDM.db|customer|||SUCCESS
2026-05-15 23-22-46 | DWH |  INFO | SDM|READ|Data/SDM.db|customer_store|||SUCCESS
2026-05-15 23-22-46 | DWH |  INFO | SDM|READ|Data/SDM.db|customer_contact|||SUCCESS
2026-05-15 23-22-46 | DWH |  INFO | SDM|READ|Data/SDM.db|product_line|||SUCCESS
2026-05-15 23-22-46 | DWH |  INFO | SDM|READ|Data/SDM.db|product_type|||SUCCESS
2026-05-15 23-22-46 | DWH |  INFO | SDM|READ|Data/SDM.db|product|||SUCCESS
2026-05-15 23-22-46 | DWH |  INFO | SDM|READ|Data/SDM.db|go_sales_country|||SUCCESS
2026-05-15 23-22-46 | DWH |  INFO | SDM|READ|Data/SDM.db|retailer_site|||SUCCESS
2026-05-15 23-22-46 | DWH |  INFO | SDM|READ|Data/SDM.db|sales_branch|||SUCCESS
2026-05-15 23-22-46 | DWH |  INFO | SDM|READ|Data/SDM.db|order_method|||SUCCESS
2026-05-15 23-22-46 | DWH |  INFO | SDM|READ|Data/SDM.db|sales_staff|||SUCCESS
2026-05-15 23-22-46 | DWH |  INFO | SDM|READ|Data/SDM.db|order_header|||SUCCESS
2026-05-15 23-22-46 | DWH |  INFO | SDM|READ|Data/SDM.db|return_reason|||SUCCESS
2026-05-15 23-22-46 | DWH |  INFO | SDM|READ|Data/SDM.db|order_details|||SUCCESS
2026-05-15 23-22-46 | DWH |  INFO | SDM|READ|Data/SDM.db|returned_item|||SUCCESS
2026-05-15 23-22-46 | DWH |  INFO | SDM|READ|Data/SDM.db|sales_office|||SUCCESS
2026-05-15 23-22-46 | DWH |  INFO | SDM|READ|Data/SDM.db|sales_representative|||SUCCESS
2026-05-15 23-22-46 | DWH |  INFO | SDM|READ|Data/SDM.db|satisfaction_type|||SUCCESS
2026-05-15 23-22-46 | DWH |  INFO | SDM|READ|Data/SDM.db|satisfaction|||SUCCESS
2026-05-15 23-22-46 | DWH |  INFO | SDM|READ|Data/SDM.db|course|||SUCCESS
2026-05-15 23-22-46 | DWH |  INFO | SDM|READ|Data/SDM.db|training|||SUCCESS
2026-05-15 23-22-46 | DWH |  INFO | SDM|READ|Data/SDM.db|inventory_level|||SUCCESS
2026-05-15 23-22-46 | DWH |  INFO | SDM|READ|Data/SDM.db|product_forecast|||SUCCESS
2026-05-15 23-22-46 | DWH |  INFO | SDM|READ|Data/SDM.db|sales_target|||SUCCESS
2026-05-15 23-22-46 | DWH |  INFO | SDM|LOAD_SDM_END|Data/SDM.db|||||END
2026-05-15 23-22-46 | DWH |  INFO | SDM|RESET_SDM_END|%s|||||END
2026-05-16 00-07-34 | DWH |  INFO | SDM|RESET_SDM_START|Data/SDM.db|||||START
2026-05-16 00-07-34 | DWH |  INFO | SDM|READ|Data/SDM.db|age_group|||SUCCESS
2026-05-16 00-07-34 | DWH |  INFO | SDM|READ|Data/SDM.db|customer_segment|||SUCCESS
2026-05-16 00-07-34 | DWH |  INFO | SDM|READ|Data/SDM.db|customer_type|||SUCCESS
2026-05-16 00-07-34 | DWH |  INFO | SDM|READ|Data/SDM.db|sales_territory|||SUCCESS
2026-05-16 00-07-34 | DWH |  INFO | SDM|READ|Data/SDM.db|crm_country|||SUCCESS
2026-05-16 00-07-34 | DWH |  INFO | SDM|READ|Data/SDM.db|customer_headquarters|||SUCCESS
2026-05-16 00-07-34 | DWH |  INFO | SDM|READ|Data/SDM.db|sales_demographic|||SUCCESS
2026-05-16 00-07-34 | DWH |  INFO | SDM|READ|Data/SDM.db|customer|||SUCCESS
2026-05-16 00-07-34 | DWH |  INFO | SDM|READ|Data/SDM.db|customer_store|||SUCCESS
2026-05-16 00-07-34 | DWH |  INFO | SDM|READ|Data/SDM.db|customer_contact|||SUCCESS
2026-05-16 00-07-34 | DWH |  INFO | SDM|READ|Data/SDM.db|product_line|||SUCCESS
2026-05-16 00-07-34 | DWH |  INFO | SDM|READ|Data/SDM.db|product_type|||SUCCESS
2026-05-16 00-07-34 | DWH |  INFO | SDM|READ|Data/SDM.db|product|||SUCCESS
2026-05-16 00-07-34 | DWH |  INFO | SDM|READ|Data/SDM.db|go_sales_country|||SUCCESS
2026-05-16 00-07-34 | DWH |  INFO | SDM|READ|Data/SDM.db|retailer_site|||SUCCESS
2026-05-16 00-07-35 | DWH |  INFO | SDM|READ|Data/SDM.db|sales_branch|||SUCCESS
2026-05-16 00-07-35 | DWH |  INFO | SDM|READ|Data/SDM.db|order_method|||SUCCESS
2026-05-16 00-07-35 | DWH |  INFO | SDM|READ|Data/SDM.db|sales_staff|||SUCCESS
2026-05-16 00-07-35 | DWH |  INFO | SDM|READ|Data/SDM.db|order_header|||SUCCESS
2026-05-16 00-07-35 | DWH |  INFO | SDM|READ|Data/SDM.db|return_reason|||SUCCESS
2026-05-16 00-07-35 | DWH |  INFO | SDM|READ|Data/SDM.db|order_details|||SUCCESS
2026-05-16 00-07-35 | DWH |  INFO | SDM|READ|Data/SDM.db|returned_item|||SUCCESS
2026-05-16 00-07-35 | DWH |  INFO | SDM|READ|Data/SDM.db|sales_office|||SUCCESS
2026-05-16 00-07-35 | DWH |  INFO | SDM|READ|Data/SDM.db|sales_representative|||SUCCESS
2026-05-16 00-07-35 | DWH |  INFO | SDM|READ|Data/SDM.db|satisfaction_type|||SUCCESS
2026-05-16 00-07-35 | DWH |  INFO | SDM|READ|Data/SDM.db|satisfaction|||SUCCESS
2026-05-16 00-07-35 | DWH |  INFO | SDM|READ|Data/SDM.db|course|||SUCCESS
2026-05-16 00-07-35 | DWH |  INFO | SDM|READ|Data/SDM.db|training|||SUCCESS
2026-05-16 00-07-35 | DWH |  INFO | SDM|READ|Data/SDM.db|inventory_level|||SUCCESS
2026-05-16 00-07-35 | DWH |  INFO | SDM|READ|Data/SDM.db|product_forecast|||SUCCESS
2026-05-16 00-07-35 | DWH |  INFO | SDM|READ|Data/SDM.db|sales_target|||SUCCESS
2026-05-16 00-07-35 | DWH |  INFO | SDM|LOAD_SDM_END|Data/SDM.db|||||END
2026-05-16 00-07-35 | DWH |  INFO | SDM|RESET_SDM_END|%s|||||END
2026-05-19 13-30-49 | DWH |  INFO | SDM|RESET_SDM_START|Data/SDM.db|||||START
2026-05-19 13-30-49 | DWH |  INFO | SDM|READ|Data/SDM.db|age_group|||SUCCESS
2026-05-19 13-30-49 | DWH |  INFO | SDM|READ|Data/SDM.db|customer_segment|||SUCCESS
2026-05-19 13-30-49 | DWH |  INFO | SDM|READ|Data/SDM.db|customer_type|||SUCCESS
2026-05-19 13-30-49 | DWH |  INFO | SDM|READ|Data/SDM.db|sales_territory|||SUCCESS
2026-05-19 13-30-49 | DWH |  INFO | SDM|READ|Data/SDM.db|crm_country|||SUCCESS
2026-05-19 13-30-49 | DWH |  INFO | SDM|READ|Data/SDM.db|customer_headquarters|||SUCCESS
2026-05-19 13-30-49 | DWH |  INFO | SDM|READ|Data/SDM.db|sales_demographic|||SUCCESS
2026-05-19 13-30-49 | DWH |  INFO | SDM|READ|Data/SDM.db|customer|||SUCCESS
2026-05-19 13-30-49 | DWH |  INFO | SDM|READ|Data/SDM.db|customer_store|||SUCCESS
2026-05-19 13-30-49 | DWH |  INFO | SDM|READ|Data/SDM.db|customer_contact|||SUCCESS
2026-05-19 13-30-49 | DWH |  INFO | SDM|READ|Data/SDM.db|product_line|||SUCCESS
2026-05-19 13-30-49 | DWH |  INFO | SDM|READ|Data/SDM.db|product_type|||SUCCESS
2026-05-19 13-30-49 | DWH |  INFO | SDM|READ|Data/SDM.db|product|||SUCCESS
2026-05-19 13-30-49 | DWH |  INFO | SDM|READ|Data/SDM.db|go_sales_country|||SUCCESS
2026-05-19 13-30-49 | DWH |  INFO | SDM|READ|Data/SDM.db|retailer_site|||SUCCESS
2026-05-19 13-30-49 | DWH |  INFO | SDM|READ|Data/SDM.db|sales_branch|||SUCCESS
2026-05-19 13-30-49 | DWH |  INFO | SDM|READ|Data/SDM.db|order_method|||SUCCESS
2026-05-19 13-30-49 | DWH |  INFO | SDM|READ|Data/SDM.db|sales_staff|||SUCCESS
2026-05-19 13-30-49 | DWH |  INFO | SDM|READ|Data/SDM.db|order_header|||SUCCESS
2026-05-19 13-30-49 | DWH |  INFO | SDM|READ|Data/SDM.db|return_reason|||SUCCESS
2026-05-19 13-30-49 | DWH |  INFO | SDM|READ|Data/SDM.db|order_details|||SUCCESS
2026-05-19 13-30-49 | DWH |  INFO | SDM|READ|Data/SDM.db|returned_item|||SUCCESS
2026-05-19 13-30-49 | DWH |  INFO | SDM|READ|Data/SDM.db|sales_office|||SUCCESS
2026-05-19 13-30-49 | DWH |  INFO | SDM|READ|Data/SDM.db|sales_representative|||SUCCESS
2026-05-19 13-30-49 | DWH |  INFO | SDM|READ|Data/SDM.db|satisfaction_type|||SUCCESS
2026-05-19 13-30-49 | DWH |  INFO | SDM|READ|Data/SDM.db|satisfaction|||SUCCESS
2026-05-19 13-30-49 | DWH |  INFO | SDM|READ|Data/SDM.db|course|||SUCCESS
2026-05-19 13-30-49 | DWH |  INFO | SDM|READ|Data/SDM.db|training|||SUCCESS
2026-05-19 13-30-49 | DWH |  INFO | SDM|READ|Data/SDM.db|inventory_level|||SUCCESS
2026-05-19 13-30-49 | DWH |  INFO | SDM|READ|Data/SDM.db|product_forecast|||SUCCESS
2026-05-19 13-30-49 | DWH |  INFO | SDM|READ|Data/SDM.db|sales_target|||SUCCESS
2026-05-19 13-30-49 | DWH |  INFO | SDM|LOAD_SDM_END|Data/SDM.db|||||END
2026-05-19 13-30-49 | DWH |  INFO | SDM|RESET_SDM_END|%s|||||END
2026-05-19 13-33-20 | DWH |  INFO | SDM|RESET_SDM_START|Data/SDM.db|||||START
2026-05-19 13-33-20 | DWH |  INFO | SDM|READ|Data/SDM.db|age_group|||SUCCESS
2026-05-19 13-33-20 | DWH |  INFO | SDM|READ|Data/SDM.db|customer_segment|||SUCCESS
2026-05-19 13-33-20 | DWH |  INFO | SDM|READ|Data/SDM.db|customer_type|||SUCCESS
2026-05-19 13-33-20 | DWH |  INFO | SDM|READ|Data/SDM.db|sales_territory|||SUCCESS
2026-05-19 13-33-20 | DWH |  INFO | SDM|READ|Data/SDM.db|crm_country|||SUCCESS
2026-05-19 13-33-20 | DWH |  INFO | SDM|READ|Data/SDM.db|customer_headquarters|||SUCCESS
2026-05-19 13-33-20 | DWH |  INFO | SDM|READ|Data/SDM.db|sales_demographic|||SUCCESS
2026-05-19 13-33-20 | DWH |  INFO | SDM|READ|Data/SDM.db|customer|||SUCCESS
2026-05-19 13-33-20 | DWH |  INFO | SDM|READ|Data/SDM.db|customer_store|||SUCCESS
2026-05-19 13-33-20 | DWH |  INFO | SDM|READ|Data/SDM.db|customer_contact|||SUCCESS
2026-05-19 13-33-20 | DWH |  INFO | SDM|READ|Data/SDM.db|product_line|||SUCCESS
2026-05-19 13-33-20 | DWH |  INFO | SDM|READ|Data/SDM.db|product_type|||SUCCESS
2026-05-19 13-33-20 | DWH |  INFO | SDM|READ|Data/SDM.db|product|||SUCCESS
2026-05-19 13-33-20 | DWH |  INFO | SDM|READ|Data/SDM.db|go_sales_country|||SUCCESS
2026-05-19 13-33-20 | DWH |  INFO | SDM|READ|Data/SDM.db|retailer_site|||SUCCESS
2026-05-19 13-33-20 | DWH |  INFO | SDM|READ|Data/SDM.db|sales_branch|||SUCCESS
2026-05-19 13-33-20 | DWH |  INFO | SDM|READ|Data/SDM.db|order_method|||SUCCESS
2026-05-19 13-33-20 | DWH |  INFO | SDM|READ|Data/SDM.db|sales_staff|||SUCCESS
2026-05-19 13-33-20 | DWH |  INFO | SDM|READ|Data/SDM.db|order_header|||SUCCESS
2026-05-19 13-33-20 | DWH |  INFO | SDM|READ|Data/SDM.db|return_reason|||SUCCESS
2026-05-19 13-33-20 | DWH |  INFO | SDM|READ|Data/SDM.db|order_details|||SUCCESS
2026-05-19 13-33-20 | DWH |  INFO | SDM|READ|Data/SDM.db|returned_item|||SUCCESS
2026-05-19 13-33-20 | DWH |  INFO | SDM|READ|Data/SDM.db|sales_office|||SUCCESS
2026-05-19 13-33-20 | DWH |  INFO | SDM|READ|Data/SDM.db|sales_representative|||SUCCESS
2026-05-19 13-33-20 | DWH |  INFO | SDM|READ|Data/SDM.db|satisfaction_type|||SUCCESS
2026-05-19 13-33-20 | DWH |  INFO | SDM|READ|Data/SDM.db|satisfaction|||SUCCESS
2026-05-19 13-33-20 | DWH |  INFO | SDM|READ|Data/SDM.db|course|||SUCCESS
2026-05-19 13-33-20 | DWH |  INFO | SDM|READ|Data/SDM.db|training|||SUCCESS
2026-05-19 13-33-20 | DWH |  INFO | SDM|READ|Data/SDM.db|inventory_level|||SUCCESS
2026-05-19 13-33-20 | DWH |  INFO | SDM|READ|Data/SDM.db|product_forecast|||SUCCESS
2026-05-19 13-33-20 | DWH |  INFO | SDM|READ|Data/SDM.db|sales_target|||SUCCESS
2026-05-19 13-33-20 | DWH |  INFO | SDM|LOAD_SDM_END|Data/SDM.db|||||END
2026-05-19 13-33-20 | DWH |  INFO | SDM|RESET_SDM_END|%s|||||END
2026-05-19 13-33-35 | DWH |  INFO | SDM|RESET_SDM_START|Data/SDM.db|||||START
2026-05-19 13-33-35 | DWH |  INFO | SDM|READ|Data/SDM.db|age_group|||SUCCESS
2026-05-19 13-33-35 | DWH |  INFO | SDM|READ|Data/SDM.db|customer_segment|||SUCCESS
2026-05-19 13-33-35 | DWH |  INFO | SDM|READ|Data/SDM.db|customer_type|||SUCCESS
2026-05-19 13-33-35 | DWH |  INFO | SDM|READ|Data/SDM.db|sales_territory|||SUCCESS
2026-05-19 13-33-35 | DWH |  INFO | SDM|READ|Data/SDM.db|crm_country|||SUCCESS
2026-05-19 13-33-35 | DWH |  INFO | SDM|READ|Data/SDM.db|customer_headquarters|||SUCCESS
2026-05-19 13-33-35 | DWH |  INFO | SDM|READ|Data/SDM.db|sales_demographic|||SUCCESS
2026-05-19 13-33-35 | DWH |  INFO | SDM|READ|Data/SDM.db|customer|||SUCCESS
2026-05-19 13-33-35 | DWH |  INFO | SDM|READ|Data/SDM.db|customer_store|||SUCCESS
2026-05-19 13-33-35 | DWH |  INFO | SDM|READ|Data/SDM.db|customer_contact|||SUCCESS
2026-05-19 13-33-35 | DWH |  INFO | SDM|READ|Data/SDM.db|product_line|||SUCCESS
2026-05-19 13-33-35 | DWH |  INFO | SDM|READ|Data/SDM.db|product_type|||SUCCESS
2026-05-19 13-33-35 | DWH |  INFO | SDM|READ|Data/SDM.db|product|||SUCCESS
2026-05-19 13-33-35 | DWH |  INFO | SDM|READ|Data/SDM.db|go_sales_country|||SUCCESS
2026-05-19 13-33-35 | DWH |  INFO | SDM|READ|Data/SDM.db|retailer_site|||SUCCESS
2026-05-19 13-33-35 | DWH |  INFO | SDM|READ|Data/SDM.db|sales_branch|||SUCCESS
2026-05-19 13-33-35 | DWH |  INFO | SDM|READ|Data/SDM.db|order_method|||SUCCESS
2026-05-19 13-33-35 | DWH |  INFO | SDM|READ|Data/SDM.db|sales_staff|||SUCCESS
2026-05-19 13-33-35 | DWH |  INFO | SDM|READ|Data/SDM.db|order_header|||SUCCESS
2026-05-19 13-33-35 | DWH |  INFO | SDM|READ|Data/SDM.db|return_reason|||SUCCESS
2026-05-19 13-33-35 | DWH |  INFO | SDM|READ|Data/SDM.db|order_details|||SUCCESS
2026-05-19 13-33-35 | DWH |  INFO | SDM|READ|Data/SDM.db|returned_item|||SUCCESS
2026-05-19 13-33-35 | DWH |  INFO | SDM|READ|Data/SDM.db|sales_office|||SUCCESS
2026-05-19 13-33-35 | DWH |  INFO | SDM|READ|Data/SDM.db|sales_representative|||SUCCESS
2026-05-19 13-33-35 | DWH |  INFO | SDM|READ|Data/SDM.db|satisfaction_type|||SUCCESS
2026-05-19 13-33-35 | DWH |  INFO | SDM|READ|Data/SDM.db|satisfaction|||SUCCESS
2026-05-19 13-33-35 | DWH |  INFO | SDM|READ|Data/SDM.db|course|||SUCCESS
2026-05-19 13-33-35 | DWH |  INFO | SDM|READ|Data/SDM.db|training|||SUCCESS
2026-05-19 13-33-35 | DWH |  INFO | SDM|READ|Data/SDM.db|inventory_level|||SUCCESS
2026-05-19 13-33-35 | DWH |  INFO | SDM|READ|Data/SDM.db|product_forecast|||SUCCESS
2026-05-19 13-33-35 | DWH |  INFO | SDM|READ|Data/SDM.db|sales_target|||SUCCESS
2026-05-19 13-33-35 | DWH |  INFO | SDM|LOAD_SDM_END|Data/SDM.db|||||END
2026-05-19 13-33-35 | DWH |  INFO | SDM|RESET_SDM_END|%s|||||END
